<?xml version='1.0' encoding='UTF-8'?>
<testsuite hostname="DESKTOP-L7I1FKN" name="test_loganalyser.Test" tests="5" errors="0" failures="5" skipped="0" time="0.026" timestamp="2021-11-05T22:13:07">
          <properties>
[...]
</properties>
          <testcase classname="test_loganalyser.Test" name="should Check if the host is given" time="0.026">
                      <failure message="merge of system properties,application.conf @ file:/D:/0UIC%20Courses/CS%20441%20-%20Cloud%20computing/Lambda-Matcher-gRPC/target/scala-2.13/classes/application.conf: 1,reference.conf @ jar:file:/C:/Users/Rajit%20Subin.DESKTOP-L7I1FKN/AppData/Local/Coursier/Cache/v1/https/repo1.maven.org/maven2/com/lightbend/akka/grpc/akka-grpc-runtime_2.13/2.1.0/akka-grpc-runtime_2.13-2.1.0.jar!/reference.conf: 1,reference.conf @ jar:file:/C:/Users/Rajit%20Subin.DESKTOP-L7I1FKN/AppData/Local/Coursier/Cache/v1/https/repo1.maven.org/maven2/com/typesafe/akka/akka-http_2.13/10.2.7/akka-http_2.13-10.2.7.jar!/reference.conf: 1,reference.conf @ jar:file:/C:/Users/Rajit%20Subin.DESKTOP-L7I1FKN/AppData/Local/Coursier/Cache/v1/https/repo1.maven.org/maven2/com/typesafe/akka/akka-actor-typed_2.13/2.6.17/akka-actor-typed_2.13-2.6.17.jar!/reference.conf: 1,reference.conf @ jar:file:/C:/Users/Rajit%20Subin.DESKTOP-L7I1FKN/AppData/Local/Coursier/Cache/v1/https/repo1.maven.org/maven2/com/typesafe/akka/akka-stream_2.13/2.6.17/akka-stream_2.13-2.6.17.jar!/reference.conf: 1,reference.conf @ jar:file:/C:/Users/Rajit%20Subin.DESKTOP-L7I1FKN/AppData/Local/Coursier/Cache/v1/https/repo1.maven.org/maven2/com/typesafe/akka/akka-discovery_2.13/2.6.17/akka-discovery_2.13-2.6.17.jar!/reference.conf: 1,reference.conf @ jar:file:/C:/Users/Rajit%20Subin.DESKTOP-L7I1FKN/AppData/Local/Coursier/Cache/v1/https/repo1.maven.org/maven2/com/typesafe/akka/akka-actor-testkit-typed_2.13/2.6.17/akka-actor-testkit-typed_2.13-2.6.17.jar!/reference.conf: 1,reference.conf @ jar:file:/C:/Users/Rajit%20Subin.DESKTOP-L7I1FKN/AppData/Local/Coursier/Cache/v1/https/repo1.maven.org/maven2/com/typesafe/akka/akka-stream-testkit_2.13/2.6.17/akka-stream-testkit_2.13-2.6.17.jar!/reference.conf: 1,reference.conf @ jar:file:/C:/Users/Rajit%20Subin.DESKTOP-L7I1FKN/AppData/Local/Coursier/Cache/v1/https/repo1.maven.org/maven2/com/typesafe/akka/akka-http-core_2.13/10.2.7/akka-http-core_2.13-10.2.7.jar!/reference.conf: 1,reference.conf @ jar:file:/C:/Users/Rajit%20Subin.DESKTOP-L7I1FKN/AppData/Local/Coursier/Cache/v1/https/repo1.maven.org/maven2/com/typesafe/akka/akka-actor_2.13/2.6.17/akka-actor_2.13-2.6.17.jar!/reference.conf: 1,reference.conf @ jar:file:/C:/Users/Rajit%20Subin.DESKTOP-L7I1FKN/AppData/Local/Coursier/Cache/v1/https/repo1.maven.org/maven2/com/typesafe/ssl-config-core_2.13/0.4.2/ssl-config-core_2.13-0.4.2.jar!/reference.conf: 1,reference.conf @ jar:file:/C:/Users/Rajit%20Subin.DESKTOP-L7I1FKN/AppData/Local/Coursier/Cache/v1/https/repo1.maven.org/maven2/com/typesafe/akka/akka-testkit_2.13/2.6.17/akka-testkit_2.13-2.6.17.jar!/reference.conf: 1: No configuration setting found for key 'host'" type="com.typesafe.config.ConfigException$Missing">com.typesafe.config.ConfigException$Missing: merge of system properties,application.conf @ file:/D:/0UIC%20Courses/CS%20441%20-%20Cloud%20computing/Lambda-Matcher-gRPC/target/scala-2.13/classes/application.conf: 1,reference.conf @ jar:file:/C:/Users/Rajit%20Subin.DESKTOP-L7I1FKN/AppData/Local/Coursier/Cache/v1/https/repo1.maven.org/maven2/com/lightbend/akka/grpc/akka-grpc-runtime_2.13/2.1.0/akka-grpc-runtime_2.13-2.1.0.jar!/reference.conf: 1,reference.conf @ jar:file:/C:/Users/Rajit%20Subin.DESKTOP-L7I1FKN/AppData/Local/Coursier/Cache/v1/https/repo1.maven.org/maven2/com/typesafe/akka/akka-http_2.13/10.2.7/akka-http_2.13-10.2.7.jar!/reference.conf: 1,reference.conf @ jar:file:/C:/Users/Rajit%20Subin.DESKTOP-L7I1FKN/AppData/Local/Coursier/Cache/v1/https/repo1.maven.org/maven2/com/typesafe/akka/akka-actor-typed_2.13/2.6.17/akka-actor-typed_2.13-2.6.17.jar!/reference.conf: 1,reference.conf @ jar:file:/C:/Users/Rajit%20Subin.DESKTOP-L7I1FKN/AppData/Local/Coursier/Cache/v1/https/repo1.maven.org/maven2/com/typesafe/akka/akka-stream_2.13/2.6.17/akka-stream_2.13-2.6.17.jar!/reference.conf: 1,reference.conf @ jar:file:/C:/Users/Rajit%20Subin.DESKTOP-L7I1FKN/AppData/Local/Coursier/Cache/v1/https/repo1.maven.org/maven2/com/typesafe/akka/akka-discovery_2.13/2.6.17/akka-discovery_2.13-2.6.17.jar!/reference.conf: 1,reference.conf @ jar:file:/C:/Users/Rajit%20Subin.DESKTOP-L7I1FKN/AppData/Local/Coursier/Cache/v1/https/repo1.maven.org/maven2/com/typesafe/akka/akka-actor-testkit-typed_2.13/2.6.17/akka-actor-testkit-typed_2.13-2.6.17.jar!/reference.conf: 1,reference.conf @ jar:file:/C:/Users/Rajit%20Subin.DESKTOP-L7I1FKN/AppData/Local/Coursier/Cache/v1/https/repo1.maven.org/maven2/com/typesafe/akka/akka-stream-testkit_2.13/2.6.17/akka-stream-testkit_2.13-2.6.17.jar!/reference.conf: 1,reference.conf @ jar:file:/C:/Users/Rajit%20Subin.DESKTOP-L7I1FKN/AppData/Local/Coursier/Cache/v1/https/repo1.maven.org/maven2/com/typesafe/akka/akka-http-core_2.13/10.2.7/akka-http-core_2.13-10.2.7.jar!/reference.conf: 1,reference.conf @ jar:file:/C:/Users/Rajit%20Subin.DESKTOP-L7I1FKN/AppData/Local/Coursier/Cache/v1/https/repo1.maven.org/maven2/com/typesafe/akka/akka-actor_2.13/2.6.17/akka-actor_2.13-2.6.17.jar!/reference.conf: 1,reference.conf @ jar:file:/C:/Users/Rajit%20Subin.DESKTOP-L7I1FKN/AppData/Local/Coursier/Cache/v1/https/repo1.maven.org/maven2/com/typesafe/ssl-config-core_2.13/0.4.2/ssl-config-core_2.13-0.4.2.jar!/reference.conf: 1,reference.conf @ jar:file:/C:/Users/Rajit%20Subin.DESKTOP-L7I1FKN/AppData/Local/Coursier/Cache/v1/https/repo1.maven.org/maven2/com/typesafe/akka/akka-testkit_2.13/2.6.17/akka-testkit_2.13-2.6.17.jar!/reference.conf: 1: No configuration setting found for key 'host'
	at com.typesafe.config.impl.SimpleConfig.findKeyOrNull(SimpleConfig.java:156)
	at com.typesafe.config.impl.SimpleConfig.findOrNull(SimpleConfig.java:174)
	at com.typesafe.config.impl.SimpleConfig.find(SimpleConfig.java:188)
	at com.typesafe.config.impl.SimpleConfig.find(SimpleConfig.java:193)
	at com.typesafe.config.impl.SimpleConfig.getString(SimpleConfig.java:250)
	at test_loganalyser.Test.$anonfun$new$1(Test.scala:15)
	at org.scalatest.OutcomeOf.outcomeOf(OutcomeOf.scala:85)
	at org.scalatest.OutcomeOf.outcomeOf$(OutcomeOf.scala:83)
	at org.scalatest.OutcomeOf$.outcomeOf(OutcomeOf.scala:104)
	at org.scalatest.Transformer.apply(Transformer.scala:22)
	at org.scalatest.Transformer.apply(Transformer.scala:20)
	at org.scalatest.flatspec.AnyFlatSpecLike$$anon$5.apply(AnyFlatSpecLike.scala:1683)
	at org.scalatest.TestSuite.withFixture(TestSuite.scala:196)
	at org.scalatest.TestSuite.withFixture$(TestSuite.scala:195)
	at org.scalatest.flatspec.AnyFlatSpec.withFixture(AnyFlatSpec.scala:1685)
	at org.scalatest.flatspec.AnyFlatSpecLike.invokeWithFixture$1(AnyFlatSpecLike.scala:1681)
	at org.scalatest.flatspec.AnyFlatSpecLike.$anonfun$runTest$1(AnyFlatSpecLike.scala:1693)
	at org.scalatest.SuperEngine.runTestImpl(Engine.scala:306)
	at org.scalatest.flatspec.AnyFlatSpecLike.runTest(AnyFlatSpecLike.scala:1693)
	at org.scalatest.flatspec.AnyFlatSpecLike.runTest$(AnyFlatSpecLike.scala:1675)
	at org.scalatest.flatspec.AnyFlatSpec.runTest(AnyFlatSpec.scala:1685)
	at org.scalatest.flatspec.AnyFlatSpecLike.$anonfun$runTests$1(AnyFlatSpecLike.scala:1751)
	at org.scalatest.SuperEngine.$anonfun$runTestsInBranch$1(Engine.scala:413)
	at scala.collection.immutable.List.foreach(List.scala:333)
	at org.scalatest.SuperEngine.traverseSubNodes$1(Engine.scala:401)
	at org.scalatest.SuperEngine.runTestsInBranch(Engine.scala:396)
	at org.scalatest.SuperEngine.runTestsImpl(Engine.scala:475)
	at org.scalatest.flatspec.AnyFlatSpecLike.runTests(AnyFlatSpecLike.scala:1751)
	at org.scalatest.flatspec.AnyFlatSpecLike.runTests$(AnyFlatSpecLike.scala:1750)
	at org.scalatest.flatspec.AnyFlatSpec.runTests(AnyFlatSpec.scala:1685)
	at org.scalatest.Suite.run(Suite.scala:1112)
	at org.scalatest.Suite.run$(Suite.scala:1094)
	at org.scalatest.flatspec.AnyFlatSpec.org$scalatest$flatspec$AnyFlatSpecLike$$super$run(AnyFlatSpec.scala:1685)
	at org.scalatest.flatspec.AnyFlatSpecLike.$anonfun$run$1(AnyFlatSpecLike.scala:1796)
	at org.scalatest.SuperEngine.runImpl(Engine.scala:535)
	at org.scalatest.flatspec.AnyFlatSpecLike.run(AnyFlatSpecLike.scala:1796)
	at org.scalatest.flatspec.AnyFlatSpecLike.run$(AnyFlatSpecLike.scala:1794)
	at org.scalatest.flatspec.AnyFlatSpec.run(AnyFlatSpec.scala:1685)
	at org.scalatest.tools.Framework.org$scalatest$tools$Framework$$runSuite(Framework.scala:318)
	at org.scalatest.tools.Framework$ScalaTestTask.execute(Framework.scala:513)
	at sbt.TestRunner.runTest$1(TestFramework.scala:140)
	at sbt.TestRunner.run(TestFramework.scala:155)
	at sbt.TestFramework$$anon$3$$anonfun$$lessinit$greater$1.$anonfun$apply$1(TestFramework.scala:318)
	at sbt.TestFramework$.sbt$TestFramework$$withContextLoader(TestFramework.scala:278)
	at sbt.TestFramework$$anon$3$$anonfun$$lessinit$greater$1.apply(TestFramework.scala:318)
	at sbt.TestFramework$$anon$3$$anonfun$$lessinit$greater$1.apply(TestFramework.scala:318)
	at sbt.TestFunction.apply(TestFramework.scala:330)
	at sbt.Tests$.$anonfun$toTask$1(Tests.scala:435)
	at sbt.std.Transform$$anon$3.$anonfun$apply$2(Transform.scala:46)
	at sbt.std.Transform$$anon$4.work(Transform.scala:68)
	at sbt.Execute.$anonfun$submit$2(Execute.scala:282)
	at sbt.internal.util.ErrorHandling$.wideConvert(ErrorHandling.scala:23)
	at sbt.Execute.work(Execute.scala:291)
	at sbt.Execute.$anonfun$submit$1(Execute.scala:282)
	at sbt.ConcurrentRestrictions$$anon$4.$anonfun$submitValid$1(ConcurrentRestrictions.scala:265)
	at sbt.CompletionService$$anon$2.call(CompletionService.scala:64)
	at java.base/java.util.concurrent.FutureTask.run(FutureTask.java:264)
	at java.base/java.util.concurrent.Executors$RunnableAdapter.call(Executors.java:515)
	at java.base/java.util.concurrent.FutureTask.run(FutureTask.java:264)
	at java.base/java.util.concurrent.ThreadPoolExecutor.runWorker(ThreadPoolExecutor.java:1130)
	at java.base/java.util.concurrent.ThreadPoolExecutor$Worker.run(ThreadPoolExecutor.java:630)
	at java.base/java.lang.Thread.run(Thread.java:831)
</failure>
                    </testcase><testcase classname="test_loganalyser.Test" name="should Check if the API Gateway Link is given" time="0.0">
                      <failure message="merge of system properties,application.conf @ file:/D:/0UIC%20Courses/CS%20441%20-%20Cloud%20computing/Lambda-Matcher-gRPC/target/scala-2.13/classes/application.conf: 1,reference.conf @ jar:file:/C:/Users/Rajit%20Subin.DESKTOP-L7I1FKN/AppData/Local/Coursier/Cache/v1/https/repo1.maven.org/maven2/com/lightbend/akka/grpc/akka-grpc-runtime_2.13/2.1.0/akka-grpc-runtime_2.13-2.1.0.jar!/reference.conf: 1,reference.conf @ jar:file:/C:/Users/Rajit%20Subin.DESKTOP-L7I1FKN/AppData/Local/Coursier/Cache/v1/https/repo1.maven.org/maven2/com/typesafe/akka/akka-http_2.13/10.2.7/akka-http_2.13-10.2.7.jar!/reference.conf: 1,reference.conf @ jar:file:/C:/Users/Rajit%20Subin.DESKTOP-L7I1FKN/AppData/Local/Coursier/Cache/v1/https/repo1.maven.org/maven2/com/typesafe/akka/akka-actor-typed_2.13/2.6.17/akka-actor-typed_2.13-2.6.17.jar!/reference.conf: 1,reference.conf @ jar:file:/C:/Users/Rajit%20Subin.DESKTOP-L7I1FKN/AppData/Local/Coursier/Cache/v1/https/repo1.maven.org/maven2/com/typesafe/akka/akka-stream_2.13/2.6.17/akka-stream_2.13-2.6.17.jar!/reference.conf: 1,reference.conf @ jar:file:/C:/Users/Rajit%20Subin.DESKTOP-L7I1FKN/AppData/Local/Coursier/Cache/v1/https/repo1.maven.org/maven2/com/typesafe/akka/akka-discovery_2.13/2.6.17/akka-discovery_2.13-2.6.17.jar!/reference.conf: 1,reference.conf @ jar:file:/C:/Users/Rajit%20Subin.DESKTOP-L7I1FKN/AppData/Local/Coursier/Cache/v1/https/repo1.maven.org/maven2/com/typesafe/akka/akka-actor-testkit-typed_2.13/2.6.17/akka-actor-testkit-typed_2.13-2.6.17.jar!/reference.conf: 1,reference.conf @ jar:file:/C:/Users/Rajit%20Subin.DESKTOP-L7I1FKN/AppData/Local/Coursier/Cache/v1/https/repo1.maven.org/maven2/com/typesafe/akka/akka-stream-testkit_2.13/2.6.17/akka-stream-testkit_2.13-2.6.17.jar!/reference.conf: 1,reference.conf @ jar:file:/C:/Users/Rajit%20Subin.DESKTOP-L7I1FKN/AppData/Local/Coursier/Cache/v1/https/repo1.maven.org/maven2/com/typesafe/akka/akka-http-core_2.13/10.2.7/akka-http-core_2.13-10.2.7.jar!/reference.conf: 1,reference.conf @ jar:file:/C:/Users/Rajit%20Subin.DESKTOP-L7I1FKN/AppData/Local/Coursier/Cache/v1/https/repo1.maven.org/maven2/com/typesafe/akka/akka-actor_2.13/2.6.17/akka-actor_2.13-2.6.17.jar!/reference.conf: 1,reference.conf @ jar:file:/C:/Users/Rajit%20Subin.DESKTOP-L7I1FKN/AppData/Local/Coursier/Cache/v1/https/repo1.maven.org/maven2/com/typesafe/ssl-config-core_2.13/0.4.2/ssl-config-core_2.13-0.4.2.jar!/reference.conf: 1,reference.conf @ jar:file:/C:/Users/Rajit%20Subin.DESKTOP-L7I1FKN/AppData/Local/Coursier/Cache/v1/https/repo1.maven.org/maven2/com/typesafe/akka/akka-testkit_2.13/2.6.17/akka-testkit_2.13-2.6.17.jar!/reference.conf: 1: No configuration setting found for key 'AWS_APIGateway_Endpoint'" type="com.typesafe.config.ConfigException$Missing">com.typesafe.config.ConfigException$Missing: merge of system properties,application.conf @ file:/D:/0UIC%20Courses/CS%20441%20-%20Cloud%20computing/Lambda-Matcher-gRPC/target/scala-2.13/classes/application.conf: 1,reference.conf @ jar:file:/C:/Users/Rajit%20Subin.DESKTOP-L7I1FKN/AppData/Local/Coursier/Cache/v1/https/repo1.maven.org/maven2/com/lightbend/akka/grpc/akka-grpc-runtime_2.13/2.1.0/akka-grpc-runtime_2.13-2.1.0.jar!/reference.conf: 1,reference.conf @ jar:file:/C:/Users/Rajit%20Subin.DESKTOP-L7I1FKN/AppData/Local/Coursier/Cache/v1/https/repo1.maven.org/maven2/com/typesafe/akka/akka-http_2.13/10.2.7/akka-http_2.13-10.2.7.jar!/reference.conf: 1,reference.conf @ jar:file:/C:/Users/Rajit%20Subin.DESKTOP-L7I1FKN/AppData/Local/Coursier/Cache/v1/https/repo1.maven.org/maven2/com/typesafe/akka/akka-actor-typed_2.13/2.6.17/akka-actor-typed_2.13-2.6.17.jar!/reference.conf: 1,reference.conf @ jar:file:/C:/Users/Rajit%20Subin.DESKTOP-L7I1FKN/AppData/Local/Coursier/Cache/v1/https/repo1.maven.org/maven2/com/typesafe/akka/akka-stream_2.13/2.6.17/akka-stream_2.13-2.6.17.jar!/reference.conf: 1,reference.conf @ jar:file:/C:/Users/Rajit%20Subin.DESKTOP-L7I1FKN/AppData/Local/Coursier/Cache/v1/https/repo1.maven.org/maven2/com/typesafe/akka/akka-discovery_2.13/2.6.17/akka-discovery_2.13-2.6.17.jar!/reference.conf: 1,reference.conf @ jar:file:/C:/Users/Rajit%20Subin.DESKTOP-L7I1FKN/AppData/Local/Coursier/Cache/v1/https/repo1.maven.org/maven2/com/typesafe/akka/akka-actor-testkit-typed_2.13/2.6.17/akka-actor-testkit-typed_2.13-2.6.17.jar!/reference.conf: 1,reference.conf @ jar:file:/C:/Users/Rajit%20Subin.DESKTOP-L7I1FKN/AppData/Local/Coursier/Cache/v1/https/repo1.maven.org/maven2/com/typesafe/akka/akka-stream-testkit_2.13/2.6.17/akka-stream-testkit_2.13-2.6.17.jar!/reference.conf: 1,reference.conf @ jar:file:/C:/Users/Rajit%20Subin.DESKTOP-L7I1FKN/AppData/Local/Coursier/Cache/v1/https/repo1.maven.org/maven2/com/typesafe/akka/akka-http-core_2.13/10.2.7/akka-http-core_2.13-10.2.7.jar!/reference.conf: 1,reference.conf @ jar:file:/C:/Users/Rajit%20Subin.DESKTOP-L7I1FKN/AppData/Local/Coursier/Cache/v1/https/repo1.maven.org/maven2/com/typesafe/akka/akka-actor_2.13/2.6.17/akka-actor_2.13-2.6.17.jar!/reference.conf: 1,reference.conf @ jar:file:/C:/Users/Rajit%20Subin.DESKTOP-L7I1FKN/AppData/Local/Coursier/Cache/v1/https/repo1.maven.org/maven2/com/typesafe/ssl-config-core_2.13/0.4.2/ssl-config-core_2.13-0.4.2.jar!/reference.conf: 1,reference.conf @ jar:file:/C:/Users/Rajit%20Subin.DESKTOP-L7I1FKN/AppData/Local/Coursier/Cache/v1/https/repo1.maven.org/maven2/com/typesafe/akka/akka-testkit_2.13/2.6.17/akka-testkit_2.13-2.6.17.jar!/reference.conf: 1: No configuration setting found for key 'AWS_APIGateway_Endpoint'
	at com.typesafe.config.impl.SimpleConfig.findKeyOrNull(SimpleConfig.java:156)
	at com.typesafe.config.impl.SimpleConfig.findOrNull(SimpleConfig.java:174)
	at com.typesafe.config.impl.SimpleConfig.find(SimpleConfig.java:188)
	at com.typesafe.config.impl.SimpleConfig.find(SimpleConfig.java:193)
	at com.typesafe.config.impl.SimpleConfig.getString(SimpleConfig.java:250)
	at test_loganalyser.Test.$anonfun$new$2(Test.scala:21)
	at org.scalatest.OutcomeOf.outcomeOf(OutcomeOf.scala:85)
	at org.scalatest.OutcomeOf.outcomeOf$(OutcomeOf.scala:83)
	at org.scalatest.OutcomeOf$.outcomeOf(OutcomeOf.scala:104)
	at org.scalatest.Transformer.apply(Transformer.scala:22)
	at org.scalatest.Transformer.apply(Transformer.scala:20)
	at org.scalatest.flatspec.AnyFlatSpecLike$$anon$5.apply(AnyFlatSpecLike.scala:1683)
	at org.scalatest.TestSuite.withFixture(TestSuite.scala:196)
	at org.scalatest.TestSuite.withFixture$(TestSuite.scala:195)
	at org.scalatest.flatspec.AnyFlatSpec.withFixture(AnyFlatSpec.scala:1685)
	at org.scalatest.flatspec.AnyFlatSpecLike.invokeWithFixture$1(AnyFlatSpecLike.scala:1681)
	at org.scalatest.flatspec.AnyFlatSpecLike.$anonfun$runTest$1(AnyFlatSpecLike.scala:1693)
	at org.scalatest.SuperEngine.runTestImpl(Engine.scala:306)
	at org.scalatest.flatspec.AnyFlatSpecLike.runTest(AnyFlatSpecLike.scala:1693)
	at org.scalatest.flatspec.AnyFlatSpecLike.runTest$(AnyFlatSpecLike.scala:1675)
	at org.scalatest.flatspec.AnyFlatSpec.runTest(AnyFlatSpec.scala:1685)
	at org.scalatest.flatspec.AnyFlatSpecLike.$anonfun$runTests$1(AnyFlatSpecLike.scala:1751)
	at org.scalatest.SuperEngine.$anonfun$runTestsInBranch$1(Engine.scala:413)
	at scala.collection.immutable.List.foreach(List.scala:333)
	at org.scalatest.SuperEngine.traverseSubNodes$1(Engine.scala:401)
	at org.scalatest.SuperEngine.runTestsInBranch(Engine.scala:396)
	at org.scalatest.SuperEngine.runTestsImpl(Engine.scala:475)
	at org.scalatest.flatspec.AnyFlatSpecLike.runTests(AnyFlatSpecLike.scala:1751)
	at org.scalatest.flatspec.AnyFlatSpecLike.runTests$(AnyFlatSpecLike.scala:1750)
	at org.scalatest.flatspec.AnyFlatSpec.runTests(AnyFlatSpec.scala:1685)
	at org.scalatest.Suite.run(Suite.scala:1112)
	at org.scalatest.Suite.run$(Suite.scala:1094)
	at org.scalatest.flatspec.AnyFlatSpec.org$scalatest$flatspec$AnyFlatSpecLike$$super$run(AnyFlatSpec.scala:1685)
	at org.scalatest.flatspec.AnyFlatSpecLike.$anonfun$run$1(AnyFlatSpecLike.scala:1796)
	at org.scalatest.SuperEngine.runImpl(Engine.scala:535)
	at org.scalatest.flatspec.AnyFlatSpecLike.run(AnyFlatSpecLike.scala:1796)
	at org.scalatest.flatspec.AnyFlatSpecLike.run$(AnyFlatSpecLike.scala:1794)
	at org.scalatest.flatspec.AnyFlatSpec.run(AnyFlatSpec.scala:1685)
	at org.scalatest.tools.Framework.org$scalatest$tools$Framework$$runSuite(Framework.scala:318)
	at org.scalatest.tools.Framework$ScalaTestTask.execute(Framework.scala:513)
	at sbt.TestRunner.runTest$1(TestFramework.scala:140)
	at sbt.TestRunner.run(TestFramework.scala:155)
	at sbt.TestFramework$$anon$3$$anonfun$$lessinit$greater$1.$anonfun$apply$1(TestFramework.scala:318)
	at sbt.TestFramework$.sbt$TestFramework$$withContextLoader(TestFramework.scala:278)
	at sbt.TestFramework$$anon$3$$anonfun$$lessinit$greater$1.apply(TestFramework.scala:318)
	at sbt.TestFramework$$anon$3$$anonfun$$lessinit$greater$1.apply(TestFramework.scala:318)
	at sbt.TestFunction.apply(TestFramework.scala:330)
	at sbt.Tests$.$anonfun$toTask$1(Tests.scala:435)
	at sbt.std.Transform$$anon$3.$anonfun$apply$2(Transform.scala:46)
	at sbt.std.Transform$$anon$4.work(Transform.scala:68)
	at sbt.Execute.$anonfun$submit$2(Execute.scala:282)
	at sbt.internal.util.ErrorHandling$.wideConvert(ErrorHandling.scala:23)
	at sbt.Execute.work(Execute.scala:291)
	at sbt.Execute.$anonfun$submit$1(Execute.scala:282)
	at sbt.ConcurrentRestrictions$$anon$4.$anonfun$submitValid$1(ConcurrentRestrictions.scala:265)
	at sbt.CompletionService$$anon$2.call(CompletionService.scala:64)
	at java.base/java.util.concurrent.FutureTask.run(FutureTask.java:264)
	at java.base/java.util.concurrent.Executors$RunnableAdapter.call(Executors.java:515)
	at java.base/java.util.concurrent.FutureTask.run(FutureTask.java:264)
	at java.base/java.util.concurrent.ThreadPoolExecutor.runWorker(ThreadPoolExecutor.java:1130)
	at java.base/java.util.concurrent.ThreadPoolExecutor$Worker.run(ThreadPoolExecutor.java:630)
	at java.base/java.lang.Thread.run(Thread.java:831)
</failure>
                    </testcase><testcase classname="test_loganalyser.Test" name="should Check if correct input format of time stamp is being sent" time="0.0">
                      <failure message="merge of system properties,application.conf @ file:/D:/0UIC%20Courses/CS%20441%20-%20Cloud%20computing/Lambda-Matcher-gRPC/target/scala-2.13/classes/application.conf: 1,reference.conf @ jar:file:/C:/Users/Rajit%20Subin.DESKTOP-L7I1FKN/AppData/Local/Coursier/Cache/v1/https/repo1.maven.org/maven2/com/lightbend/akka/grpc/akka-grpc-runtime_2.13/2.1.0/akka-grpc-runtime_2.13-2.1.0.jar!/reference.conf: 1,reference.conf @ jar:file:/C:/Users/Rajit%20Subin.DESKTOP-L7I1FKN/AppData/Local/Coursier/Cache/v1/https/repo1.maven.org/maven2/com/typesafe/akka/akka-http_2.13/10.2.7/akka-http_2.13-10.2.7.jar!/reference.conf: 1,reference.conf @ jar:file:/C:/Users/Rajit%20Subin.DESKTOP-L7I1FKN/AppData/Local/Coursier/Cache/v1/https/repo1.maven.org/maven2/com/typesafe/akka/akka-actor-typed_2.13/2.6.17/akka-actor-typed_2.13-2.6.17.jar!/reference.conf: 1,reference.conf @ jar:file:/C:/Users/Rajit%20Subin.DESKTOP-L7I1FKN/AppData/Local/Coursier/Cache/v1/https/repo1.maven.org/maven2/com/typesafe/akka/akka-stream_2.13/2.6.17/akka-stream_2.13-2.6.17.jar!/reference.conf: 1,reference.conf @ jar:file:/C:/Users/Rajit%20Subin.DESKTOP-L7I1FKN/AppData/Local/Coursier/Cache/v1/https/repo1.maven.org/maven2/com/typesafe/akka/akka-discovery_2.13/2.6.17/akka-discovery_2.13-2.6.17.jar!/reference.conf: 1,reference.conf @ jar:file:/C:/Users/Rajit%20Subin.DESKTOP-L7I1FKN/AppData/Local/Coursier/Cache/v1/https/repo1.maven.org/maven2/com/typesafe/akka/akka-actor-testkit-typed_2.13/2.6.17/akka-actor-testkit-typed_2.13-2.6.17.jar!/reference.conf: 1,reference.conf @ jar:file:/C:/Users/Rajit%20Subin.DESKTOP-L7I1FKN/AppData/Local/Coursier/Cache/v1/https/repo1.maven.org/maven2/com/typesafe/akka/akka-stream-testkit_2.13/2.6.17/akka-stream-testkit_2.13-2.6.17.jar!/reference.conf: 1,reference.conf @ jar:file:/C:/Users/Rajit%20Subin.DESKTOP-L7I1FKN/AppData/Local/Coursier/Cache/v1/https/repo1.maven.org/maven2/com/typesafe/akka/akka-http-core_2.13/10.2.7/akka-http-core_2.13-10.2.7.jar!/reference.conf: 1,reference.conf @ jar:file:/C:/Users/Rajit%20Subin.DESKTOP-L7I1FKN/AppData/Local/Coursier/Cache/v1/https/repo1.maven.org/maven2/com/typesafe/akka/akka-actor_2.13/2.6.17/akka-actor_2.13-2.6.17.jar!/reference.conf: 1,reference.conf @ jar:file:/C:/Users/Rajit%20Subin.DESKTOP-L7I1FKN/AppData/Local/Coursier/Cache/v1/https/repo1.maven.org/maven2/com/typesafe/ssl-config-core_2.13/0.4.2/ssl-config-core_2.13-0.4.2.jar!/reference.conf: 1,reference.conf @ jar:file:/C:/Users/Rajit%20Subin.DESKTOP-L7I1FKN/AppData/Local/Coursier/Cache/v1/https/repo1.maven.org/maven2/com/typesafe/akka/akka-testkit_2.13/2.6.17/akka-testkit_2.13-2.6.17.jar!/reference.conf: 1: No configuration setting found for key 'timestamp'" type="com.typesafe.config.ConfigException$Missing">com.typesafe.config.ConfigException$Missing: merge of system properties,application.conf @ file:/D:/0UIC%20Courses/CS%20441%20-%20Cloud%20computing/Lambda-Matcher-gRPC/target/scala-2.13/classes/application.conf: 1,reference.conf @ jar:file:/C:/Users/Rajit%20Subin.DESKTOP-L7I1FKN/AppData/Local/Coursier/Cache/v1/https/repo1.maven.org/maven2/com/lightbend/akka/grpc/akka-grpc-runtime_2.13/2.1.0/akka-grpc-runtime_2.13-2.1.0.jar!/reference.conf: 1,reference.conf @ jar:file:/C:/Users/Rajit%20Subin.DESKTOP-L7I1FKN/AppData/Local/Coursier/Cache/v1/https/repo1.maven.org/maven2/com/typesafe/akka/akka-http_2.13/10.2.7/akka-http_2.13-10.2.7.jar!/reference.conf: 1,reference.conf @ jar:file:/C:/Users/Rajit%20Subin.DESKTOP-L7I1FKN/AppData/Local/Coursier/Cache/v1/https/repo1.maven.org/maven2/com/typesafe/akka/akka-actor-typed_2.13/2.6.17/akka-actor-typed_2.13-2.6.17.jar!/reference.conf: 1,reference.conf @ jar:file:/C:/Users/Rajit%20Subin.DESKTOP-L7I1FKN/AppData/Local/Coursier/Cache/v1/https/repo1.maven.org/maven2/com/typesafe/akka/akka-stream_2.13/2.6.17/akka-stream_2.13-2.6.17.jar!/reference.conf: 1,reference.conf @ jar:file:/C:/Users/Rajit%20Subin.DESKTOP-L7I1FKN/AppData/Local/Coursier/Cache/v1/https/repo1.maven.org/maven2/com/typesafe/akka/akka-discovery_2.13/2.6.17/akka-discovery_2.13-2.6.17.jar!/reference.conf: 1,reference.conf @ jar:file:/C:/Users/Rajit%20Subin.DESKTOP-L7I1FKN/AppData/Local/Coursier/Cache/v1/https/repo1.maven.org/maven2/com/typesafe/akka/akka-actor-testkit-typed_2.13/2.6.17/akka-actor-testkit-typed_2.13-2.6.17.jar!/reference.conf: 1,reference.conf @ jar:file:/C:/Users/Rajit%20Subin.DESKTOP-L7I1FKN/AppData/Local/Coursier/Cache/v1/https/repo1.maven.org/maven2/com/typesafe/akka/akka-stream-testkit_2.13/2.6.17/akka-stream-testkit_2.13-2.6.17.jar!/reference.conf: 1,reference.conf @ jar:file:/C:/Users/Rajit%20Subin.DESKTOP-L7I1FKN/AppData/Local/Coursier/Cache/v1/https/repo1.maven.org/maven2/com/typesafe/akka/akka-http-core_2.13/10.2.7/akka-http-core_2.13-10.2.7.jar!/reference.conf: 1,reference.conf @ jar:file:/C:/Users/Rajit%20Subin.DESKTOP-L7I1FKN/AppData/Local/Coursier/Cache/v1/https/repo1.maven.org/maven2/com/typesafe/akka/akka-actor_2.13/2.6.17/akka-actor_2.13-2.6.17.jar!/reference.conf: 1,reference.conf @ jar:file:/C:/Users/Rajit%20Subin.DESKTOP-L7I1FKN/AppData/Local/Coursier/Cache/v1/https/repo1.maven.org/maven2/com/typesafe/ssl-config-core_2.13/0.4.2/ssl-config-core_2.13-0.4.2.jar!/reference.conf: 1,reference.conf @ jar:file:/C:/Users/Rajit%20Subin.DESKTOP-L7I1FKN/AppData/Local/Coursier/Cache/v1/https/repo1.maven.org/maven2/com/typesafe/akka/akka-testkit_2.13/2.6.17/akka-testkit_2.13-2.6.17.jar!/reference.conf: 1: No configuration setting found for key 'timestamp'
	at com.typesafe.config.impl.SimpleConfig.findKeyOrNull(SimpleConfig.java:156)
	at com.typesafe.config.impl.SimpleConfig.findOrNull(SimpleConfig.java:174)
	at com.typesafe.config.impl.SimpleConfig.find(SimpleConfig.java:188)
	at com.typesafe.config.impl.SimpleConfig.find(SimpleConfig.java:193)
	at com.typesafe.config.impl.SimpleConfig.getString(SimpleConfig.java:250)
	at test_loganalyser.Test.$anonfun$new$3(Test.scala:28)
	at org.scalatest.OutcomeOf.outcomeOf(OutcomeOf.scala:85)
	at org.scalatest.OutcomeOf.outcomeOf$(OutcomeOf.scala:83)
	at org.scalatest.OutcomeOf$.outcomeOf(OutcomeOf.scala:104)
	at org.scalatest.Transformer.apply(Transformer.scala:22)
	at org.scalatest.Transformer.apply(Transformer.scala:20)
	at org.scalatest.flatspec.AnyFlatSpecLike$$anon$5.apply(AnyFlatSpecLike.scala:1683)
	at org.scalatest.TestSuite.withFixture(TestSuite.scala:196)
	at org.scalatest.TestSuite.withFixture$(TestSuite.scala:195)
	at org.scalatest.flatspec.AnyFlatSpec.withFixture(AnyFlatSpec.scala:1685)
	at org.scalatest.flatspec.AnyFlatSpecLike.invokeWithFixture$1(AnyFlatSpecLike.scala:1681)
	at org.scalatest.flatspec.AnyFlatSpecLike.$anonfun$runTest$1(AnyFlatSpecLike.scala:1693)
	at org.scalatest.SuperEngine.runTestImpl(Engine.scala:306)
	at org.scalatest.flatspec.AnyFlatSpecLike.runTest(AnyFlatSpecLike.scala:1693)
	at org.scalatest.flatspec.AnyFlatSpecLike.runTest$(AnyFlatSpecLike.scala:1675)
	at org.scalatest.flatspec.AnyFlatSpec.runTest(AnyFlatSpec.scala:1685)
	at org.scalatest.flatspec.AnyFlatSpecLike.$anonfun$runTests$1(AnyFlatSpecLike.scala:1751)
	at org.scalatest.SuperEngine.$anonfun$runTestsInBranch$1(Engine.scala:413)
	at scala.collection.immutable.List.foreach(List.scala:333)
	at org.scalatest.SuperEngine.traverseSubNodes$1(Engine.scala:401)
	at org.scalatest.SuperEngine.runTestsInBranch(Engine.scala:396)
	at org.scalatest.SuperEngine.runTestsImpl(Engine.scala:475)
	at org.scalatest.flatspec.AnyFlatSpecLike.runTests(AnyFlatSpecLike.scala:1751)
	at org.scalatest.flatspec.AnyFlatSpecLike.runTests$(AnyFlatSpecLike.scala:1750)
	at org.scalatest.flatspec.AnyFlatSpec.runTests(AnyFlatSpec.scala:1685)
	at org.scalatest.Suite.run(Suite.scala:1112)
	at org.scalatest.Suite.run$(Suite.scala:1094)
	at org.scalatest.flatspec.AnyFlatSpec.org$scalatest$flatspec$AnyFlatSpecLike$$super$run(AnyFlatSpec.scala:1685)
	at org.scalatest.flatspec.AnyFlatSpecLike.$anonfun$run$1(AnyFlatSpecLike.scala:1796)
	at org.scalatest.SuperEngine.runImpl(Engine.scala:535)
	at org.scalatest.flatspec.AnyFlatSpecLike.run(AnyFlatSpecLike.scala:1796)
	at org.scalatest.flatspec.AnyFlatSpecLike.run$(AnyFlatSpecLike.scala:1794)
	at org.scalatest.flatspec.AnyFlatSpec.run(AnyFlatSpec.scala:1685)
	at org.scalatest.tools.Framework.org$scalatest$tools$Framework$$runSuite(Framework.scala:318)
	at org.scalatest.tools.Framework$ScalaTestTask.execute(Framework.scala:513)
	at sbt.TestRunner.runTest$1(TestFramework.scala:140)
	at sbt.TestRunner.run(TestFramework.scala:155)
	at sbt.TestFramework$$anon$3$$anonfun$$lessinit$greater$1.$anonfun$apply$1(TestFramework.scala:318)
	at sbt.TestFramework$.sbt$TestFramework$$withContextLoader(TestFramework.scala:278)
	at sbt.TestFramework$$anon$3$$anonfun$$lessinit$greater$1.apply(TestFramework.scala:318)
	at sbt.TestFramework$$anon$3$$anonfun$$lessinit$greater$1.apply(TestFramework.scala:318)
	at sbt.TestFunction.apply(TestFramework.scala:330)
	at sbt.Tests$.$anonfun$toTask$1(Tests.scala:435)
	at sbt.std.Transform$$anon$3.$anonfun$apply$2(Transform.scala:46)
	at sbt.std.Transform$$anon$4.work(Transform.scala:68)
	at sbt.Execute.$anonfun$submit$2(Execute.scala:282)
	at sbt.internal.util.ErrorHandling$.wideConvert(ErrorHandling.scala:23)
	at sbt.Execute.work(Execute.scala:291)
	at sbt.Execute.$anonfun$submit$1(Execute.scala:282)
	at sbt.ConcurrentRestrictions$$anon$4.$anonfun$submitValid$1(ConcurrentRestrictions.scala:265)
	at sbt.CompletionService$$anon$2.call(CompletionService.scala:64)
	at java.base/java.util.concurrent.FutureTask.run(FutureTask.java:264)
	at java.base/java.util.concurrent.Executors$RunnableAdapter.call(Executors.java:515)
	at java.base/java.util.concurrent.FutureTask.run(FutureTask.java:264)
	at java.base/java.util.concurrent.ThreadPoolExecutor.runWorker(ThreadPoolExecutor.java:1130)
	at java.base/java.util.concurrent.ThreadPoolExecutor$Worker.run(ThreadPoolExecutor.java:630)
	at java.base/java.lang.Thread.run(Thread.java:831)
</failure>
                    </testcase><testcase classname="test_loganalyser.Test" name="should Check if last two characters of delta are numbers" time="0.0">
                      <failure message="merge of system properties,application.conf @ file:/D:/0UIC%20Courses/CS%20441%20-%20Cloud%20computing/Lambda-Matcher-gRPC/target/scala-2.13/classes/application.conf: 1,reference.conf @ jar:file:/C:/Users/Rajit%20Subin.DESKTOP-L7I1FKN/AppData/Local/Coursier/Cache/v1/https/repo1.maven.org/maven2/com/lightbend/akka/grpc/akka-grpc-runtime_2.13/2.1.0/akka-grpc-runtime_2.13-2.1.0.jar!/reference.conf: 1,reference.conf @ jar:file:/C:/Users/Rajit%20Subin.DESKTOP-L7I1FKN/AppData/Local/Coursier/Cache/v1/https/repo1.maven.org/maven2/com/typesafe/akka/akka-http_2.13/10.2.7/akka-http_2.13-10.2.7.jar!/reference.conf: 1,reference.conf @ jar:file:/C:/Users/Rajit%20Subin.DESKTOP-L7I1FKN/AppData/Local/Coursier/Cache/v1/https/repo1.maven.org/maven2/com/typesafe/akka/akka-actor-typed_2.13/2.6.17/akka-actor-typed_2.13-2.6.17.jar!/reference.conf: 1,reference.conf @ jar:file:/C:/Users/Rajit%20Subin.DESKTOP-L7I1FKN/AppData/Local/Coursier/Cache/v1/https/repo1.maven.org/maven2/com/typesafe/akka/akka-stream_2.13/2.6.17/akka-stream_2.13-2.6.17.jar!/reference.conf: 1,reference.conf @ jar:file:/C:/Users/Rajit%20Subin.DESKTOP-L7I1FKN/AppData/Local/Coursier/Cache/v1/https/repo1.maven.org/maven2/com/typesafe/akka/akka-discovery_2.13/2.6.17/akka-discovery_2.13-2.6.17.jar!/reference.conf: 1,reference.conf @ jar:file:/C:/Users/Rajit%20Subin.DESKTOP-L7I1FKN/AppData/Local/Coursier/Cache/v1/https/repo1.maven.org/maven2/com/typesafe/akka/akka-actor-testkit-typed_2.13/2.6.17/akka-actor-testkit-typed_2.13-2.6.17.jar!/reference.conf: 1,reference.conf @ jar:file:/C:/Users/Rajit%20Subin.DESKTOP-L7I1FKN/AppData/Local/Coursier/Cache/v1/https/repo1.maven.org/maven2/com/typesafe/akka/akka-stream-testkit_2.13/2.6.17/akka-stream-testkit_2.13-2.6.17.jar!/reference.conf: 1,reference.conf @ jar:file:/C:/Users/Rajit%20Subin.DESKTOP-L7I1FKN/AppData/Local/Coursier/Cache/v1/https/repo1.maven.org/maven2/com/typesafe/akka/akka-http-core_2.13/10.2.7/akka-http-core_2.13-10.2.7.jar!/reference.conf: 1,reference.conf @ jar:file:/C:/Users/Rajit%20Subin.DESKTOP-L7I1FKN/AppData/Local/Coursier/Cache/v1/https/repo1.maven.org/maven2/com/typesafe/akka/akka-actor_2.13/2.6.17/akka-actor_2.13-2.6.17.jar!/reference.conf: 1,reference.conf @ jar:file:/C:/Users/Rajit%20Subin.DESKTOP-L7I1FKN/AppData/Local/Coursier/Cache/v1/https/repo1.maven.org/maven2/com/typesafe/ssl-config-core_2.13/0.4.2/ssl-config-core_2.13-0.4.2.jar!/reference.conf: 1,reference.conf @ jar:file:/C:/Users/Rajit%20Subin.DESKTOP-L7I1FKN/AppData/Local/Coursier/Cache/v1/https/repo1.maven.org/maven2/com/typesafe/akka/akka-testkit_2.13/2.6.17/akka-testkit_2.13-2.6.17.jar!/reference.conf: 1: No configuration setting found for key 'delta'" type="com.typesafe.config.ConfigException$Missing">com.typesafe.config.ConfigException$Missing: merge of system properties,application.conf @ file:/D:/0UIC%20Courses/CS%20441%20-%20Cloud%20computing/Lambda-Matcher-gRPC/target/scala-2.13/classes/application.conf: 1,reference.conf @ jar:file:/C:/Users/Rajit%20Subin.DESKTOP-L7I1FKN/AppData/Local/Coursier/Cache/v1/https/repo1.maven.org/maven2/com/lightbend/akka/grpc/akka-grpc-runtime_2.13/2.1.0/akka-grpc-runtime_2.13-2.1.0.jar!/reference.conf: 1,reference.conf @ jar:file:/C:/Users/Rajit%20Subin.DESKTOP-L7I1FKN/AppData/Local/Coursier/Cache/v1/https/repo1.maven.org/maven2/com/typesafe/akka/akka-http_2.13/10.2.7/akka-http_2.13-10.2.7.jar!/reference.conf: 1,reference.conf @ jar:file:/C:/Users/Rajit%20Subin.DESKTOP-L7I1FKN/AppData/Local/Coursier/Cache/v1/https/repo1.maven.org/maven2/com/typesafe/akka/akka-actor-typed_2.13/2.6.17/akka-actor-typed_2.13-2.6.17.jar!/reference.conf: 1,reference.conf @ jar:file:/C:/Users/Rajit%20Subin.DESKTOP-L7I1FKN/AppData/Local/Coursier/Cache/v1/https/repo1.maven.org/maven2/com/typesafe/akka/akka-stream_2.13/2.6.17/akka-stream_2.13-2.6.17.jar!/reference.conf: 1,reference.conf @ jar:file:/C:/Users/Rajit%20Subin.DESKTOP-L7I1FKN/AppData/Local/Coursier/Cache/v1/https/repo1.maven.org/maven2/com/typesafe/akka/akka-discovery_2.13/2.6.17/akka-discovery_2.13-2.6.17.jar!/reference.conf: 1,reference.conf @ jar:file:/C:/Users/Rajit%20Subin.DESKTOP-L7I1FKN/AppData/Local/Coursier/Cache/v1/https/repo1.maven.org/maven2/com/typesafe/akka/akka-actor-testkit-typed_2.13/2.6.17/akka-actor-testkit-typed_2.13-2.6.17.jar!/reference.conf: 1,reference.conf @ jar:file:/C:/Users/Rajit%20Subin.DESKTOP-L7I1FKN/AppData/Local/Coursier/Cache/v1/https/repo1.maven.org/maven2/com/typesafe/akka/akka-stream-testkit_2.13/2.6.17/akka-stream-testkit_2.13-2.6.17.jar!/reference.conf: 1,reference.conf @ jar:file:/C:/Users/Rajit%20Subin.DESKTOP-L7I1FKN/AppData/Local/Coursier/Cache/v1/https/repo1.maven.org/maven2/com/typesafe/akka/akka-http-core_2.13/10.2.7/akka-http-core_2.13-10.2.7.jar!/reference.conf: 1,reference.conf @ jar:file:/C:/Users/Rajit%20Subin.DESKTOP-L7I1FKN/AppData/Local/Coursier/Cache/v1/https/repo1.maven.org/maven2/com/typesafe/akka/akka-actor_2.13/2.6.17/akka-actor_2.13-2.6.17.jar!/reference.conf: 1,reference.conf @ jar:file:/C:/Users/Rajit%20Subin.DESKTOP-L7I1FKN/AppData/Local/Coursier/Cache/v1/https/repo1.maven.org/maven2/com/typesafe/ssl-config-core_2.13/0.4.2/ssl-config-core_2.13-0.4.2.jar!/reference.conf: 1,reference.conf @ jar:file:/C:/Users/Rajit%20Subin.DESKTOP-L7I1FKN/AppData/Local/Coursier/Cache/v1/https/repo1.maven.org/maven2/com/typesafe/akka/akka-testkit_2.13/2.6.17/akka-testkit_2.13-2.6.17.jar!/reference.conf: 1: No configuration setting found for key 'delta'
	at com.typesafe.config.impl.SimpleConfig.findKeyOrNull(SimpleConfig.java:156)
	at com.typesafe.config.impl.SimpleConfig.findOrNull(SimpleConfig.java:174)
	at com.typesafe.config.impl.SimpleConfig.find(SimpleConfig.java:188)
	at com.typesafe.config.impl.SimpleConfig.find(SimpleConfig.java:193)
	at com.typesafe.config.impl.SimpleConfig.getString(SimpleConfig.java:250)
	at test_loganalyser.Test.$anonfun$new$4(Test.scala:36)
	at org.scalatest.OutcomeOf.outcomeOf(OutcomeOf.scala:85)
	at org.scalatest.OutcomeOf.outcomeOf$(OutcomeOf.scala:83)
	at org.scalatest.OutcomeOf$.outcomeOf(OutcomeOf.scala:104)
	at org.scalatest.Transformer.apply(Transformer.scala:22)
	at org.scalatest.Transformer.apply(Transformer.scala:20)
	at org.scalatest.flatspec.AnyFlatSpecLike$$anon$5.apply(AnyFlatSpecLike.scala:1683)
	at org.scalatest.TestSuite.withFixture(TestSuite.scala:196)
	at org.scalatest.TestSuite.withFixture$(TestSuite.scala:195)
	at org.scalatest.flatspec.AnyFlatSpec.withFixture(AnyFlatSpec.scala:1685)
	at org.scalatest.flatspec.AnyFlatSpecLike.invokeWithFixture$1(AnyFlatSpecLike.scala:1681)
	at org.scalatest.flatspec.AnyFlatSpecLike.$anonfun$runTest$1(AnyFlatSpecLike.scala:1693)
	at org.scalatest.SuperEngine.runTestImpl(Engine.scala:306)
	at org.scalatest.flatspec.AnyFlatSpecLike.runTest(AnyFlatSpecLike.scala:1693)
	at org.scalatest.flatspec.AnyFlatSpecLike.runTest$(AnyFlatSpecLike.scala:1675)
	at org.scalatest.flatspec.AnyFlatSpec.runTest(AnyFlatSpec.scala:1685)
	at org.scalatest.flatspec.AnyFlatSpecLike.$anonfun$runTests$1(AnyFlatSpecLike.scala:1751)
	at org.scalatest.SuperEngine.$anonfun$runTestsInBranch$1(Engine.scala:413)
	at scala.collection.immutable.List.foreach(List.scala:333)
	at org.scalatest.SuperEngine.traverseSubNodes$1(Engine.scala:401)
	at org.scalatest.SuperEngine.runTestsInBranch(Engine.scala:396)
	at org.scalatest.SuperEngine.runTestsImpl(Engine.scala:475)
	at org.scalatest.flatspec.AnyFlatSpecLike.runTests(AnyFlatSpecLike.scala:1751)
	at org.scalatest.flatspec.AnyFlatSpecLike.runTests$(AnyFlatSpecLike.scala:1750)
	at org.scalatest.flatspec.AnyFlatSpec.runTests(AnyFlatSpec.scala:1685)
	at org.scalatest.Suite.run(Suite.scala:1112)
	at org.scalatest.Suite.run$(Suite.scala:1094)
	at org.scalatest.flatspec.AnyFlatSpec.org$scalatest$flatspec$AnyFlatSpecLike$$super$run(AnyFlatSpec.scala:1685)
	at org.scalatest.flatspec.AnyFlatSpecLike.$anonfun$run$1(AnyFlatSpecLike.scala:1796)
	at org.scalatest.SuperEngine.runImpl(Engine.scala:535)
	at org.scalatest.flatspec.AnyFlatSpecLike.run(AnyFlatSpecLike.scala:1796)
	at org.scalatest.flatspec.AnyFlatSpecLike.run$(AnyFlatSpecLike.scala:1794)
	at org.scalatest.flatspec.AnyFlatSpec.run(AnyFlatSpec.scala:1685)
	at org.scalatest.tools.Framework.org$scalatest$tools$Framework$$runSuite(Framework.scala:318)
	at org.scalatest.tools.Framework$ScalaTestTask.execute(Framework.scala:513)
	at sbt.TestRunner.runTest$1(TestFramework.scala:140)
	at sbt.TestRunner.run(TestFramework.scala:155)
	at sbt.TestFramework$$anon$3$$anonfun$$lessinit$greater$1.$anonfun$apply$1(TestFramework.scala:318)
	at sbt.TestFramework$.sbt$TestFramework$$withContextLoader(TestFramework.scala:278)
	at sbt.TestFramework$$anon$3$$anonfun$$lessinit$greater$1.apply(TestFramework.scala:318)
	at sbt.TestFramework$$anon$3$$anonfun$$lessinit$greater$1.apply(TestFramework.scala:318)
	at sbt.TestFunction.apply(TestFramework.scala:330)
	at sbt.Tests$.$anonfun$toTask$1(Tests.scala:435)
	at sbt.std.Transform$$anon$3.$anonfun$apply$2(Transform.scala:46)
	at sbt.std.Transform$$anon$4.work(Transform.scala:68)
	at sbt.Execute.$anonfun$submit$2(Execute.scala:282)
	at sbt.internal.util.ErrorHandling$.wideConvert(ErrorHandling.scala:23)
	at sbt.Execute.work(Execute.scala:291)
	at sbt.Execute.$anonfun$submit$1(Execute.scala:282)
	at sbt.ConcurrentRestrictions$$anon$4.$anonfun$submitValid$1(ConcurrentRestrictions.scala:265)
	at sbt.CompletionService$$anon$2.call(CompletionService.scala:64)
	at java.base/java.util.concurrent.FutureTask.run(FutureTask.java:264)
	at java.base/java.util.concurrent.Executors$RunnableAdapter.call(Executors.java:515)
	at java.base/java.util.concurrent.FutureTask.run(FutureTask.java:264)
	at java.base/java.util.concurrent.ThreadPoolExecutor.runWorker(ThreadPoolExecutor.java:1130)
	at java.base/java.util.concurrent.ThreadPoolExecutor$Worker.run(ThreadPoolExecutor.java:630)
	at java.base/java.lang.Thread.run(Thread.java:831)
</failure>
                    </testcase><testcase classname="test_loganalyser.Test" name="should Check if port has value assigned" time="0.0">
                      <failure message="merge of system properties,application.conf @ file:/D:/0UIC%20Courses/CS%20441%20-%20Cloud%20computing/Lambda-Matcher-gRPC/target/scala-2.13/classes/application.conf: 1,reference.conf @ jar:file:/C:/Users/Rajit%20Subin.DESKTOP-L7I1FKN/AppData/Local/Coursier/Cache/v1/https/repo1.maven.org/maven2/com/lightbend/akka/grpc/akka-grpc-runtime_2.13/2.1.0/akka-grpc-runtime_2.13-2.1.0.jar!/reference.conf: 1,reference.conf @ jar:file:/C:/Users/Rajit%20Subin.DESKTOP-L7I1FKN/AppData/Local/Coursier/Cache/v1/https/repo1.maven.org/maven2/com/typesafe/akka/akka-http_2.13/10.2.7/akka-http_2.13-10.2.7.jar!/reference.conf: 1,reference.conf @ jar:file:/C:/Users/Rajit%20Subin.DESKTOP-L7I1FKN/AppData/Local/Coursier/Cache/v1/https/repo1.maven.org/maven2/com/typesafe/akka/akka-actor-typed_2.13/2.6.17/akka-actor-typed_2.13-2.6.17.jar!/reference.conf: 1,reference.conf @ jar:file:/C:/Users/Rajit%20Subin.DESKTOP-L7I1FKN/AppData/Local/Coursier/Cache/v1/https/repo1.maven.org/maven2/com/typesafe/akka/akka-stream_2.13/2.6.17/akka-stream_2.13-2.6.17.jar!/reference.conf: 1,reference.conf @ jar:file:/C:/Users/Rajit%20Subin.DESKTOP-L7I1FKN/AppData/Local/Coursier/Cache/v1/https/repo1.maven.org/maven2/com/typesafe/akka/akka-discovery_2.13/2.6.17/akka-discovery_2.13-2.6.17.jar!/reference.conf: 1,reference.conf @ jar:file:/C:/Users/Rajit%20Subin.DESKTOP-L7I1FKN/AppData/Local/Coursier/Cache/v1/https/repo1.maven.org/maven2/com/typesafe/akka/akka-actor-testkit-typed_2.13/2.6.17/akka-actor-testkit-typed_2.13-2.6.17.jar!/reference.conf: 1,reference.conf @ jar:file:/C:/Users/Rajit%20Subin.DESKTOP-L7I1FKN/AppData/Local/Coursier/Cache/v1/https/repo1.maven.org/maven2/com/typesafe/akka/akka-stream-testkit_2.13/2.6.17/akka-stream-testkit_2.13-2.6.17.jar!/reference.conf: 1,reference.conf @ jar:file:/C:/Users/Rajit%20Subin.DESKTOP-L7I1FKN/AppData/Local/Coursier/Cache/v1/https/repo1.maven.org/maven2/com/typesafe/akka/akka-http-core_2.13/10.2.7/akka-http-core_2.13-10.2.7.jar!/reference.conf: 1,reference.conf @ jar:file:/C:/Users/Rajit%20Subin.DESKTOP-L7I1FKN/AppData/Local/Coursier/Cache/v1/https/repo1.maven.org/maven2/com/typesafe/akka/akka-actor_2.13/2.6.17/akka-actor_2.13-2.6.17.jar!/reference.conf: 1,reference.conf @ jar:file:/C:/Users/Rajit%20Subin.DESKTOP-L7I1FKN/AppData/Local/Coursier/Cache/v1/https/repo1.maven.org/maven2/com/typesafe/ssl-config-core_2.13/0.4.2/ssl-config-core_2.13-0.4.2.jar!/reference.conf: 1,reference.conf @ jar:file:/C:/Users/Rajit%20Subin.DESKTOP-L7I1FKN/AppData/Local/Coursier/Cache/v1/https/repo1.maven.org/maven2/com/typesafe/akka/akka-testkit_2.13/2.6.17/akka-testkit_2.13-2.6.17.jar!/reference.conf: 1: No configuration setting found for key 'port'" type="com.typesafe.config.ConfigException$Missing">com.typesafe.config.ConfigException$Missing: merge of system properties,application.conf @ file:/D:/0UIC%20Courses/CS%20441%20-%20Cloud%20computing/Lambda-Matcher-gRPC/target/scala-2.13/classes/application.conf: 1,reference.conf @ jar:file:/C:/Users/Rajit%20Subin.DESKTOP-L7I1FKN/AppData/Local/Coursier/Cache/v1/https/repo1.maven.org/maven2/com/lightbend/akka/grpc/akka-grpc-runtime_2.13/2.1.0/akka-grpc-runtime_2.13-2.1.0.jar!/reference.conf: 1,reference.conf @ jar:file:/C:/Users/Rajit%20Subin.DESKTOP-L7I1FKN/AppData/Local/Coursier/Cache/v1/https/repo1.maven.org/maven2/com/typesafe/akka/akka-http_2.13/10.2.7/akka-http_2.13-10.2.7.jar!/reference.conf: 1,reference.conf @ jar:file:/C:/Users/Rajit%20Subin.DESKTOP-L7I1FKN/AppData/Local/Coursier/Cache/v1/https/repo1.maven.org/maven2/com/typesafe/akka/akka-actor-typed_2.13/2.6.17/akka-actor-typed_2.13-2.6.17.jar!/reference.conf: 1,reference.conf @ jar:file:/C:/Users/Rajit%20Subin.DESKTOP-L7I1FKN/AppData/Local/Coursier/Cache/v1/https/repo1.maven.org/maven2/com/typesafe/akka/akka-stream_2.13/2.6.17/akka-stream_2.13-2.6.17.jar!/reference.conf: 1,reference.conf @ jar:file:/C:/Users/Rajit%20Subin.DESKTOP-L7I1FKN/AppData/Local/Coursier/Cache/v1/https/repo1.maven.org/maven2/com/typesafe/akka/akka-discovery_2.13/2.6.17/akka-discovery_2.13-2.6.17.jar!/reference.conf: 1,reference.conf @ jar:file:/C:/Users/Rajit%20Subin.DESKTOP-L7I1FKN/AppData/Local/Coursier/Cache/v1/https/repo1.maven.org/maven2/com/typesafe/akka/akka-actor-testkit-typed_2.13/2.6.17/akka-actor-testkit-typed_2.13-2.6.17.jar!/reference.conf: 1,reference.conf @ jar:file:/C:/Users/Rajit%20Subin.DESKTOP-L7I1FKN/AppData/Local/Coursier/Cache/v1/https/repo1.maven.org/maven2/com/typesafe/akka/akka-stream-testkit_2.13/2.6.17/akka-stream-testkit_2.13-2.6.17.jar!/reference.conf: 1,reference.conf @ jar:file:/C:/Users/Rajit%20Subin.DESKTOP-L7I1FKN/AppData/Local/Coursier/Cache/v1/https/repo1.maven.org/maven2/com/typesafe/akka/akka-http-core_2.13/10.2.7/akka-http-core_2.13-10.2.7.jar!/reference.conf: 1,reference.conf @ jar:file:/C:/Users/Rajit%20Subin.DESKTOP-L7I1FKN/AppData/Local/Coursier/Cache/v1/https/repo1.maven.org/maven2/com/typesafe/akka/akka-actor_2.13/2.6.17/akka-actor_2.13-2.6.17.jar!/reference.conf: 1,reference.conf @ jar:file:/C:/Users/Rajit%20Subin.DESKTOP-L7I1FKN/AppData/Local/Coursier/Cache/v1/https/repo1.maven.org/maven2/com/typesafe/ssl-config-core_2.13/0.4.2/ssl-config-core_2.13-0.4.2.jar!/reference.conf: 1,reference.conf @ jar:file:/C:/Users/Rajit%20Subin.DESKTOP-L7I1FKN/AppData/Local/Coursier/Cache/v1/https/repo1.maven.org/maven2/com/typesafe/akka/akka-testkit_2.13/2.6.17/akka-testkit_2.13-2.6.17.jar!/reference.conf: 1: No configuration setting found for key 'port'
	at com.typesafe.config.impl.SimpleConfig.findKeyOrNull(SimpleConfig.java:156)
	at com.typesafe.config.impl.SimpleConfig.findOrNull(SimpleConfig.java:174)
	at com.typesafe.config.impl.SimpleConfig.find(SimpleConfig.java:188)
	at com.typesafe.config.impl.SimpleConfig.find(SimpleConfig.java:193)
	at com.typesafe.config.impl.SimpleConfig.getConfigNumber(SimpleConfig.java:223)
	at com.typesafe.config.impl.SimpleConfig.getInt(SimpleConfig.java:234)
	at test_loganalyser.Test.$anonfun$new$5(Test.scala:43)
	at org.scalatest.OutcomeOf.outcomeOf(OutcomeOf.scala:85)
	at org.scalatest.OutcomeOf.outcomeOf$(OutcomeOf.scala:83)
	at org.scalatest.OutcomeOf$.outcomeOf(OutcomeOf.scala:104)
	at org.scalatest.Transformer.apply(Transformer.scala:22)
	at org.scalatest.Transformer.apply(Transformer.scala:20)
	at org.scalatest.flatspec.AnyFlatSpecLike$$anon$5.apply(AnyFlatSpecLike.scala:1683)
	at org.scalatest.TestSuite.withFixture(TestSuite.scala:196)
	at org.scalatest.TestSuite.withFixture$(TestSuite.scala:195)
	at org.scalatest.flatspec.AnyFlatSpec.withFixture(AnyFlatSpec.scala:1685)
	at org.scalatest.flatspec.AnyFlatSpecLike.invokeWithFixture$1(AnyFlatSpecLike.scala:1681)
	at org.scalatest.flatspec.AnyFlatSpecLike.$anonfun$runTest$1(AnyFlatSpecLike.scala:1693)
	at org.scalatest.SuperEngine.runTestImpl(Engine.scala:306)
	at org.scalatest.flatspec.AnyFlatSpecLike.runTest(AnyFlatSpecLike.scala:1693)
	at org.scalatest.flatspec.AnyFlatSpecLike.runTest$(AnyFlatSpecLike.scala:1675)
	at org.scalatest.flatspec.AnyFlatSpec.runTest(AnyFlatSpec.scala:1685)
	at org.scalatest.flatspec.AnyFlatSpecLike.$anonfun$runTests$1(AnyFlatSpecLike.scala:1751)
	at org.scalatest.SuperEngine.$anonfun$runTestsInBranch$1(Engine.scala:413)
	at scala.collection.immutable.List.foreach(List.scala:333)
	at org.scalatest.SuperEngine.traverseSubNodes$1(Engine.scala:401)
	at org.scalatest.SuperEngine.runTestsInBranch(Engine.scala:396)
	at org.scalatest.SuperEngine.runTestsImpl(Engine.scala:475)
	at org.scalatest.flatspec.AnyFlatSpecLike.runTests(AnyFlatSpecLike.scala:1751)
	at org.scalatest.flatspec.AnyFlatSpecLike.runTests$(AnyFlatSpecLike.scala:1750)
	at org.scalatest.flatspec.AnyFlatSpec.runTests(AnyFlatSpec.scala:1685)
	at org.scalatest.Suite.run(Suite.scala:1112)
	at org.scalatest.Suite.run$(Suite.scala:1094)
	at org.scalatest.flatspec.AnyFlatSpec.org$scalatest$flatspec$AnyFlatSpecLike$$super$run(AnyFlatSpec.scala:1685)
	at org.scalatest.flatspec.AnyFlatSpecLike.$anonfun$run$1(AnyFlatSpecLike.scala:1796)
	at org.scalatest.SuperEngine.runImpl(Engine.scala:535)
	at org.scalatest.flatspec.AnyFlatSpecLike.run(AnyFlatSpecLike.scala:1796)
	at org.scalatest.flatspec.AnyFlatSpecLike.run$(AnyFlatSpecLike.scala:1794)
	at org.scalatest.flatspec.AnyFlatSpec.run(AnyFlatSpec.scala:1685)
	at org.scalatest.tools.Framework.org$scalatest$tools$Framework$$runSuite(Framework.scala:318)
	at org.scalatest.tools.Framework$ScalaTestTask.execute(Framework.scala:513)
	at sbt.TestRunner.runTest$1(TestFramework.scala:140)
	at sbt.TestRunner.run(TestFramework.scala:155)
	at sbt.TestFramework$$anon$3$$anonfun$$lessinit$greater$1.$anonfun$apply$1(TestFramework.scala:318)
	at sbt.TestFramework$.sbt$TestFramework$$withContextLoader(TestFramework.scala:278)
	at sbt.TestFramework$$anon$3$$anonfun$$lessinit$greater$1.apply(TestFramework.scala:318)
	at sbt.TestFramework$$anon$3$$anonfun$$lessinit$greater$1.apply(TestFramework.scala:318)
	at sbt.TestFunction.apply(TestFramework.scala:330)
	at sbt.Tests$.$anonfun$toTask$1(Tests.scala:435)
	at sbt.std.Transform$$anon$3.$anonfun$apply$2(Transform.scala:46)
	at sbt.std.Transform$$anon$4.work(Transform.scala:68)
	at sbt.Execute.$anonfun$submit$2(Execute.scala:282)
	at sbt.internal.util.ErrorHandling$.wideConvert(ErrorHandling.scala:23)
	at sbt.Execute.work(Execute.scala:291)
	at sbt.Execute.$anonfun$submit$1(Execute.scala:282)
	at sbt.ConcurrentRestrictions$$anon$4.$anonfun$submitValid$1(ConcurrentRestrictions.scala:265)
	at sbt.CompletionService$$anon$2.call(CompletionService.scala:64)
	at java.base/java.util.concurrent.FutureTask.run(FutureTask.java:264)
	at java.base/java.util.concurrent.Executors$RunnableAdapter.call(Executors.java:515)
	at java.base/java.util.concurrent.FutureTask.run(FutureTask.java:264)
	at java.base/java.util.concurrent.ThreadPoolExecutor.runWorker(ThreadPoolExecutor.java:1130)
	at java.base/java.util.concurrent.ThreadPoolExecutor$Worker.run(ThreadPoolExecutor.java:630)
	at java.base/java.lang.Thread.run(Thread.java:831)
</failure>
                    </testcase>
          <system-out><![CDATA[]]></system-out>
          <system-err><![CDATA[]]></system-err>
        </testsuite>