<?xml version='1.0' encoding='UTF-8'?>
<testsuite hostname="DESKTOP-L7I1FKN" name="test_loganalyser.Test" tests="5" errors="0" failures="5" skipped="0" time="0.026" timestamp="2021-11-05T22:13:07">
          <properties>
      <property name="java.specification.version" value="16"/><property name="sun.cpu.isalist" value="amd64"/><property name="sun.jnu.encoding" value="Cp1252"/><property name="sun.arch.data.model" value="64"/><property name="sbt.supershell" value="false"/><property name="java.vendor.url" value="https://java.oracle.com/"/><property name="sun.boot.library.path" value="C:\Users\Rajit Subin.DESKTOP-L7I1FKN\.jdks\openjdk-16.0.2\bin"/><property name="sun.java.command" value="C:\Users\Rajit Subin.DESKTOP-L7I1FKN\AppData\Roaming\JetBrains\IntelliJIdea2021.2\plugins\Scala\launcher\sbt-launch.jar early(addPluginSbtFile=&quot;&quot;&quot;C:\conda_tmp\idea.sbt&quot;&quot;&quot;) ; set ideaPort in Global := 51429 ; idea-shell"/><property name="jdk.debug" value="release"/><property name="sun.stderr.encoding" value="cp437"/><property name="java.specification.vendor" value="Oracle Corporation"/><property name="java.version.date" value="2021-07-20"/><property name="java.home" value="C:\Users\Rajit Subin.DESKTOP-L7I1FKN\.jdks\openjdk-16.0.2"/><property name="file.separator" value="\"/><property name="java.vm.compressedOopsMode" value="32-bit"/><property name="line.separator" value="
"/><property name="sun.stdout.encoding" value="cp437"/><property name="java.vm.specification.vendor" value="Oracle Corporation"/><property name="java.specification.name" value="Java Platform API Specification"/><property name="idea.installation.dir" value="C:\Program Files\JetBrains\IntelliJ IDEA 2021.2.1"/><property name="user.script" value=""/><property name="sun.management.compiler" value="HotSpot 64-Bit Tiered Compilers"/><property name="java.runtime.version" value="16.0.2+7-67"/><property name="user.name" value="Rajit Subin"/><property name="log4j.ignoreTCL" value="true"/><property name="file.encoding" value="UTF-8"/><property name="jnidispatch.path" value="C:\conda_tmp\jna-1954329867\jna6458311830087645384.dll"/><property name="jna.loaded" value="true"/><property name="java.io.tmpdir" value="C:\conda_tmp\"/><property name="java.version" value="16.0.2"/><property name="java.vm.specification.name" value="Java Virtual Machine Specification"/><property name="sun.os.patch.level" value=""/><property name="java.library.path" value="C:\Users\Rajit Subin.DESKTOP-L7I1FKN\.jdks\openjdk-16.0.2\bin;C:\Windows\Sun\Java\bin;C:\Windows\system32;C:\Windows;C:\Program Files\NVIDIA GPU Computing Toolkit\CUDA\v11.2\bin;C:\Program Files\NVIDIA GPU Computing Toolkit\CUDA\v11.2\libnvvp;C:\Program Files (x86)\Common Files\Oracle\Java\javapath;C:\Windows\system32;C:\Windows;C:\Windows\System32\Wbem;C:\Windows\System32\WindowsPowerShell\v1.0\;C:\WINDOWS\system32;C:\WINDOWS;C:\WINDOWS\System32\Wbem;C:\WINDOWS\System32\WindowsPowerShell\v1.0\;C:\Android;C:\WINDOWS\System32\OpenSSH\;C:\Program Files\NVIDIA Corporation\NVIDIA NvDLISR;C:\Program Files (x86)\NVIDIA Corporation\PhysX\Common;C:\cuda\bin;C:\Users\Rajit Subin.DESKTOP-L7I1FKN\.dnx\bin;C:\Program Files\Microsoft DNX\Dnvm\;C:\Program Files\Microsoft SQL Server\130\Tools\Binn\;C:\Program Files\Intel\WiFi\bin\;C:\Program Files\Common Files\Intel\WirelessCommon\;C:\Program Files\Process Lasso\;C:\Windows\system32;C:\Windows;C:\Windows\System32\Wbem;C:\Windows\System32\WindowsPowerShell\v1.0\;C:\Windows\System32\OpenSSH\;C:\Program Files (x86)\Intel\Intel(R) Management Engine Components\DAL;C:\Program Files\Intel\Intel(R) Management Engine Components\DAL;C:\Program Files (x86)\AOMEI\AOMEI Backupper 6.1.0;C:\Program Files\Git\cmd;C:\Program Files\NVIDIA Corporation\Nsight Compute 2020.3.1\;C:\Program Files (x86)\sbt\bin;C:\Program Files\Eclipse Foundation\jdk-11.0.12.7-hotspot\bin;D:\Hadoop\hadoop-3.3.0\bin;D:\Hadoop\hadoop-3.3.0\sbin;C:\PROGRA~1\Java\jdk1.8.0_311\bin;C:\Program Files\Amazon\AWSCLIV2\;C:\Program Files\Docker\Docker\resources\bin;C:\ProgramData\DockerDesktop\version-bin;C:\Program Files\Amazon\AWSSAMCLI\bin\;D:\Anaconda;D:\Anaconda\Library\mingw-w64\bin;D:\Anaconda\Library\usr\bin;D:\Anaconda\Library\bin;D:\Anaconda\Scripts;C:\Users\Rajit Subin.DESKTOP-L7I1FKN\AppData\Local\Microsoft\WindowsApps;C:\Users\Rajit Subin.DESKTOP-L7I1FKN\AppData\Local\GitHubDesktop\bin;;."/><property name="java.vendor" value="Oracle Corporation"/><property name="sun.io.unicode.encoding" value="UnicodeLittle"/><property name="java.class.path" value="C:\Users\Rajit Subin.DESKTOP-L7I1FKN\AppData\Roaming\JetBrains\IntelliJIdea2021.2\plugins\Scala\launcher\sbt-launch.jar"/><property name="java.vm.vendor" value="Oracle Corporation"/><property name="user.variant" value=""/><property name="jline.shutdownhook" value="false"/><property name="user.timezone" value="America/Chicago"/><property name="java.vm.specification.version" value="16"/><property name="os.name" value="Windows 10"/><property name="sun.java.launcher" value="SUN_STANDARD"/><property name="user.country" value="IN"/><property name="sun.cpu.endian" value="little"/><property name="user.home" value="C:\Users\Rajit Subin.DESKTOP-L7I1FKN"/><property name="user.language" value="en"/><property name="swoval.tmpdir" value="C:\Users\Rajit Subin.DESKTOP-L7I1FKN\.sbt\1.0"/><property name="jline.esc.timeout" value="0"/><property name="path.separator" value=";"/><property name="os.version" value="10.0"/><property name="jna.nosys" value="true"/><property name="java.runtime.name" value="OpenJDK Runtime Environment"/><property name="sbt.log.noformat" value="true"/><property name="java.vm.name" value="OpenJDK 64-Bit Server VM"/><property name="java.vendor.url.bug" value="https://bugreport.java.com/bugreport/"/><property name="user.dir" value="D:\0UIC Courses\CS 441 - Cloud computing\Lambda-Matcher-gRPC"/><property name="os.arch" value="amd64"/><property name="idea.managed" value="true"/><property name="java.vm.info" value="mixed mode, sharing"/><property name="java.vm.version" value="16.0.2+7-67"/><property name="java.class.version" value="60.0"/>
    </properties>
          <testcase classname="test_loganalyser.Test" name="should Check if the host is given" time="0.026">
                      <failure message="merge of system properties,application.conf @ file:/D:/0UIC%20Courses/CS%20441%20-%20Cloud%20computing/Lambda-Matcher-gRPC/target/scala-2.13/classes/application.conf: 1,reference.conf @ jar:file:/C:/Users/Rajit%20Subin.DESKTOP-L7I1FKN/AppData/Local/Coursier/Cache/v1/https/repo1.maven.org/maven2/com/lightbend/akka/grpc/akka-grpc-runtime_2.13/2.1.0/akka-grpc-runtime_2.13-2.1.0.jar!/reference.conf: 1,reference.conf @ jar:file:/C:/Users/Rajit%20Subin.DESKTOP-L7I1FKN/AppData/Local/Coursier/Cache/v1/https/repo1.maven.org/maven2/com/typesafe/akka/akka-http_2.13/10.2.7/akka-http_2.13-10.2.7.jar!/reference.conf: 1,reference.conf @ jar:file:/C:/Users/Rajit%20Subin.DESKTOP-L7I1FKN/AppData/Local/Coursier/Cache/v1/https/repo1.maven.org/maven2/com/typesafe/akka/akka-actor-typed_2.13/2.6.17/akka-actor-typed_2.13-2.6.17.jar!/reference.conf: 1,reference.conf @ jar:file:/C:/Users/Rajit%20Subin.DESKTOP-L7I1FKN/AppData/Local/Coursier/Cache/v1/https/repo1.maven.org/maven2/com/typesafe/akka/akka-stream_2.13/2.6.17/akka-stream_2.13-2.6.17.jar!/reference.conf: 1,reference.conf @ jar:file:/C:/Users/Rajit%20Subin.DESKTOP-L7I1FKN/AppData/Local/Coursier/Cache/v1/https/repo1.maven.org/maven2/com/typesafe/akka/akka-discovery_2.13/2.6.17/akka-discovery_2.13-2.6.17.jar!/reference.conf: 1,reference.conf @ jar:file:/C:/Users/Rajit%20Subin.DESKTOP-L7I1FKN/AppData/Local/Coursier/Cache/v1/https/repo1.maven.org/maven2/com/typesafe/akka/akka-actor-testkit-typed_2.13/2.6.17/akka-actor-testkit-typed_2.13-2.6.17.jar!/reference.conf: 1,reference.conf @ jar:file:/C:/Users/Rajit%20Subin.DESKTOP-L7I1FKN/AppData/Local/Coursier/Cache/v1/https/repo1.maven.org/maven2/com/typesafe/akka/akka-stream-testkit_2.13/2.6.17/akka-stream-testkit_2.13-2.6.17.jar!/reference.conf: 1,reference.conf @ jar:file:/C:/Users/Rajit%20Subin.DESKTOP-L7I1FKN/AppData/Local/Coursier/Cache/v1/https/repo1.maven.org/maven2/com/typesafe/akka/akka-http-core_2.13/10.2.7/akka-http-core_2.13-10.2.7.jar!/reference.conf: 1,reference.conf @ jar:file:/C:/Users/Rajit%20Subin.DESKTOP-L7I1FKN/AppData/Local/Coursier/Cache/v1/https/repo1.maven.org/maven2/com/typesafe/akka/akka-actor_2.13/2.6.17/akka-actor_2.13-2.6.17.jar!/reference.conf: 1,reference.conf @ jar:file:/C:/Users/Rajit%20Subin.DESKTOP-L7I1FKN/AppData/Local/Coursier/Cache/v1/https/repo1.maven.org/maven2/com/typesafe/ssl-config-core_2.13/0.4.2/ssl-config-core_2.13-0.4.2.jar!/reference.conf: 1,reference.conf @ jar:file:/C:/Users/Rajit%20Subin.DESKTOP-L7I1FKN/AppData/Local/Coursier/Cache/v1/https/repo1.maven.org/maven2/com/typesafe/akka/akka-testkit_2.13/2.6.17/akka-testkit_2.13-2.6.17.jar!/reference.conf: 1: No configuration setting found for key 'host'" type="com.typesafe.config.ConfigException$Missing">com.typesafe.config.ConfigException$Missing: merge of system properties,application.conf @ file:/D:/0UIC%20Courses/CS%20441%20-%20Cloud%20computing/Lambda-Matcher-gRPC/target/scala-2.13/classes/application.conf: 1,reference.conf @ jar:file:/C:/Users/Rajit%20Subin.DESKTOP-L7I1FKN/AppData/Local/Coursier/Cache/v1/https/repo1.maven.org/maven2/com/lightbend/akka/grpc/akka-grpc-runtime_2.13/2.1.0/akka-grpc-runtime_2.13-2.1.0.jar!/reference.conf: 1,reference.conf @ jar:file:/C:/Users/Rajit%20Subin.DESKTOP-L7I1FKN/AppData/Local/Coursier/Cache/v1/https/repo1.maven.org/maven2/com/typesafe/akka/akka-http_2.13/10.2.7/akka-http_2.13-10.2.7.jar!/reference.conf: 1,reference.conf @ jar:file:/C:/Users/Rajit%20Subin.DESKTOP-L7I1FKN/AppData/Local/Coursier/Cache/v1/https/repo1.maven.org/maven2/com/typesafe/akka/akka-actor-typed_2.13/2.6.17/akka-actor-typed_2.13-2.6.17.jar!/reference.conf: 1,reference.conf @ jar:file:/C:/Users/Rajit%20Subin.DESKTOP-L7I1FKN/AppData/Local/Coursier/Cache/v1/https/repo1.maven.org/maven2/com/typesafe/akka/akka-stream_2.13/2.6.17/akka-stream_2.13-2.6.17.jar!/reference.conf: 1,reference.conf @ jar:file:/C:/Users/Rajit%20Subin.DESKTOP-L7I1FKN/AppData/Local/Coursier/Cache/v1/https/repo1.maven.org/maven2/com/typesafe/akka/akka-discovery_2.13/2.6.17/akka-discovery_2.13-2.6.17.jar!/reference.conf: 1,reference.conf @ jar:file:/C:/Users/Rajit%20Subin.DESKTOP-L7I1FKN/AppData/Local/Coursier/Cache/v1/https/repo1.maven.org/maven2/com/typesafe/akka/akka-actor-testkit-typed_2.13/2.6.17/akka-actor-testkit-typed_2.13-2.6.17.jar!/reference.conf: 1,reference.conf @ jar:file:/C:/Users/Rajit%20Subin.DESKTOP-L7I1FKN/AppData/Local/Coursier/Cache/v1/https/repo1.maven.org/maven2/com/typesafe/akka/akka-stream-testkit_2.13/2.6.17/akka-stream-testkit_2.13-2.6.17.jar!/reference.conf: 1,reference.conf @ jar:file:/C:/Users/Rajit%20Subin.DESKTOP-L7I1FKN/AppData/Local/Coursier/Cache/v1/https/repo1.maven.org/maven2/com/typesafe/akka/akka-http-core_2.13/10.2.7/akka-http-core_2.13-10.2.7.jar!/reference.conf: 1,reference.conf @ jar:file:/C:/Users/Rajit%20Subin.DESKTOP-L7I1FKN/AppData/Local/Coursier/Cache/v1/https/repo1.maven.org/maven2/com/typesafe/akka/akka-actor_2.13/2.6.17/akka-actor_2.13-2.6.17.jar!/reference.conf: 1,reference.conf @ jar:file:/C:/Users/Rajit%20Subin.DESKTOP-L7I1FKN/AppData/Local/Coursier/Cache/v1/https/repo1.maven.org/maven2/com/typesafe/ssl-config-core_2.13/0.4.2/ssl-config-core_2.13-0.4.2.jar!/reference.conf: 1,reference.conf @ jar:file:/C:/Users/Rajit%20Subin.DESKTOP-L7I1FKN/AppData/Local/Coursier/Cache/v1/https/repo1.maven.org/maven2/com/typesafe/akka/akka-testkit_2.13/2.6.17/akka-testkit_2.13-2.6.17.jar!/reference.conf: 1: No configuration setting found for key 'host'
	at com.typesafe.config.impl.SimpleConfig.findKeyOrNull(SimpleConfig.java:156)
	at com.typesafe.config.impl.SimpleConfig.findOrNull(SimpleConfig.java:174)
	at com.typesafe.config.impl.SimpleConfig.find(SimpleConfig.java:188)
	at com.typesafe.config.impl.SimpleConfig.find(SimpleConfig.java:193)
	at com.typesafe.config.impl.SimpleConfig.getString(SimpleConfig.java:250)
	at test_loganalyser.Test.$anonfun$new$1(Test.scala:15)
	at org.scalatest.OutcomeOf.outcomeOf(OutcomeOf.scala:85)
	at org.scalatest.OutcomeOf.outcomeOf$(OutcomeOf.scala:83)
	at org.scalatest.OutcomeOf$.outcomeOf(OutcomeOf.scala:104)
	at org.scalatest.Transformer.apply(Transformer.scala:22)
	at org.scalatest.Transformer.apply(Transformer.scala:20)
	at org.scalatest.flatspec.AnyFlatSpecLike$$anon$5.apply(AnyFlatSpecLike.scala:1683)
	at org.scalatest.TestSuite.withFixture(TestSuite.scala:196)
	at org.scalatest.TestSuite.withFixture$(TestSuite.scala:195)
	at org.scalatest.flatspec.AnyFlatSpec.withFixture(AnyFlatSpec.scala:1685)
	at org.scalatest.flatspec.AnyFlatSpecLike.invokeWithFixture$1(AnyFlatSpecLike.scala:1681)
	at org.scalatest.flatspec.AnyFlatSpecLike.$anonfun$runTest$1(AnyFlatSpecLike.scala:1693)
	at org.scalatest.SuperEngine.runTestImpl(Engine.scala:306)
	at org.scalatest.flatspec.AnyFlatSpecLike.runTest(AnyFlatSpecLike.scala:1693)
	at org.scalatest.flatspec.AnyFlatSpecLike.runTest$(AnyFlatSpecLike.scala:1675)
	at org.scalatest.flatspec.AnyFlatSpec.runTest(AnyFlatSpec.scala:1685)
	at org.scalatest.flatspec.AnyFlatSpecLike.$anonfun$runTests$1(AnyFlatSpecLike.scala:1751)
	at org.scalatest.SuperEngine.$anonfun$runTestsInBranch$1(Engine.scala:413)
	at scala.collection.immutable.List.foreach(List.scala:333)
	at org.scalatest.SuperEngine.traverseSubNodes$1(Engine.scala:401)
	at org.scalatest.SuperEngine.runTestsInBranch(Engine.scala:396)
	at org.scalatest.SuperEngine.runTestsImpl(Engine.scala:475)
	at org.scalatest.flatspec.AnyFlatSpecLike.runTests(AnyFlatSpecLike.scala:1751)
	at org.scalatest.flatspec.AnyFlatSpecLike.runTests$(AnyFlatSpecLike.scala:1750)
	at org.scalatest.flatspec.AnyFlatSpec.runTests(AnyFlatSpec.scala:1685)
	at org.scalatest.Suite.run(Suite.scala:1112)
	at org.scalatest.Suite.run$(Suite.scala:1094)
	at org.scalatest.flatspec.AnyFlatSpec.org$scalatest$flatspec$AnyFlatSpecLike$$super$run(AnyFlatSpec.scala:1685)
	at org.scalatest.flatspec.AnyFlatSpecLike.$anonfun$run$1(AnyFlatSpecLike.scala:1796)
	at org.scalatest.SuperEngine.runImpl(Engine.scala:535)
	at org.scalatest.flatspec.AnyFlatSpecLike.run(AnyFlatSpecLike.scala:1796)
	at org.scalatest.flatspec.AnyFlatSpecLike.run$(AnyFlatSpecLike.scala:1794)
	at org.scalatest.flatspec.AnyFlatSpec.run(AnyFlatSpec.scala:1685)
	at org.scalatest.tools.Framework.org$scalatest$tools$Framework$$runSuite(Framework.scala:318)
	at org.scalatest.tools.Framework$ScalaTestTask.execute(Framework.scala:513)
	at sbt.TestRunner.runTest$1(TestFramework.scala:140)
	at sbt.TestRunner.run(TestFramework.scala:155)
	at sbt.TestFramework$$anon$3$$anonfun$$lessinit$greater$1.$anonfun$apply$1(TestFramework.scala:318)
	at sbt.TestFramework$.sbt$TestFramework$$withContextLoader(TestFramework.scala:278)
	at sbt.TestFramework$$anon$3$$anonfun$$lessinit$greater$1.apply(TestFramework.scala:318)
	at sbt.TestFramework$$anon$3$$anonfun$$lessinit$greater$1.apply(TestFramework.scala:318)
	at sbt.TestFunction.apply(TestFramework.scala:330)
	at sbt.Tests$.$anonfun$toTask$1(Tests.scala:435)
	at sbt.std.Transform$$anon$3.$anonfun$apply$2(Transform.scala:46)
	at sbt.std.Transform$$anon$4.work(Transform.scala:68)
	at sbt.Execute.$anonfun$submit$2(Execute.scala:282)
	at sbt.internal.util.ErrorHandling$.wideConvert(ErrorHandling.scala:23)
	at sbt.Execute.work(Execute.scala:291)
	at sbt.Execute.$anonfun$submit$1(Execute.scala:282)
	at sbt.ConcurrentRestrictions$$anon$4.$anonfun$submitValid$1(ConcurrentRestrictions.scala:265)
	at sbt.CompletionService$$anon$2.call(CompletionService.scala:64)
	at java.base/java.util.concurrent.FutureTask.run(FutureTask.java:264)
	at java.base/java.util.concurrent.Executors$RunnableAdapter.call(Executors.java:515)
	at java.base/java.util.concurrent.FutureTask.run(FutureTask.java:264)
	at java.base/java.util.concurrent.ThreadPoolExecutor.runWorker(ThreadPoolExecutor.java:1130)
	at java.base/java.util.concurrent.ThreadPoolExecutor$Worker.run(ThreadPoolExecutor.java:630)
	at java.base/java.lang.Thread.run(Thread.java:831)
</failure>
                    </testcase><testcase classname="test_loganalyser.Test" name="should Check if the API Gateway Link is given" time="0.0">
                      <failure message="merge of system properties,application.conf @ file:/D:/0UIC%20Courses/CS%20441%20-%20Cloud%20computing/Lambda-Matcher-gRPC/target/scala-2.13/classes/application.conf: 1,reference.conf @ jar:file:/C:/Users/Rajit%20Subin.DESKTOP-L7I1FKN/AppData/Local/Coursier/Cache/v1/https/repo1.maven.org/maven2/com/lightbend/akka/grpc/akka-grpc-runtime_2.13/2.1.0/akka-grpc-runtime_2.13-2.1.0.jar!/reference.conf: 1,reference.conf @ jar:file:/C:/Users/Rajit%20Subin.DESKTOP-L7I1FKN/AppData/Local/Coursier/Cache/v1/https/repo1.maven.org/maven2/com/typesafe/akka/akka-http_2.13/10.2.7/akka-http_2.13-10.2.7.jar!/reference.conf: 1,reference.conf @ jar:file:/C:/Users/Rajit%20Subin.DESKTOP-L7I1FKN/AppData/Local/Coursier/Cache/v1/https/repo1.maven.org/maven2/com/typesafe/akka/akka-actor-typed_2.13/2.6.17/akka-actor-typed_2.13-2.6.17.jar!/reference.conf: 1,reference.conf @ jar:file:/C:/Users/Rajit%20Subin.DESKTOP-L7I1FKN/AppData/Local/Coursier/Cache/v1/https/repo1.maven.org/maven2/com/typesafe/akka/akka-stream_2.13/2.6.17/akka-stream_2.13-2.6.17.jar!/reference.conf: 1,reference.conf @ jar:file:/C:/Users/Rajit%20Subin.DESKTOP-L7I1FKN/AppData/Local/Coursier/Cache/v1/https/repo1.maven.org/maven2/com/typesafe/akka/akka-discovery_2.13/2.6.17/akka-discovery_2.13-2.6.17.jar!/reference.conf: 1,reference.conf @ jar:file:/C:/Users/Rajit%20Subin.DESKTOP-L7I1FKN/AppData/Local/Coursier/Cache/v1/https/repo1.maven.org/maven2/com/typesafe/akka/akka-actor-testkit-typed_2.13/2.6.17/akka-actor-testkit-typed_2.13-2.6.17.jar!/reference.conf: 1,reference.conf @ jar:file:/C:/Users/Rajit%20Subin.DESKTOP-L7I1FKN/AppData/Local/Coursier/Cache/v1/https/repo1.maven.org/maven2/com/typesafe/akka/akka-stream-testkit_2.13/2.6.17/akka-stream-testkit_2.13-2.6.17.jar!/reference.conf: 1,reference.conf @ jar:file:/C:/Users/Rajit%20Subin.DESKTOP-L7I1FKN/AppData/Local/Coursier/Cache/v1/https/repo1.maven.org/maven2/com/typesafe/akka/akka-http-core_2.13/10.2.7/akka-http-core_2.13-10.2.7.jar!/reference.conf: 1,reference.conf @ jar:file:/C:/Users/Rajit%20Subin.DESKTOP-L7I1FKN/AppData/Local/Coursier/Cache/v1/https/repo1.maven.org/maven2/com/typesafe/akka/akka-actor_2.13/2.6.17/akka-actor_2.13-2.6.17.jar!/reference.conf: 1,reference.conf @ jar:file:/C:/Users/Rajit%20Subin.DESKTOP-L7I1FKN/AppData/Local/Coursier/Cache/v1/https/repo1.maven.org/maven2/com/typesafe/ssl-config-core_2.13/0.4.2/ssl-config-core_2.13-0.4.2.jar!/reference.conf: 1,reference.conf @ jar:file:/C:/Users/Rajit%20Subin.DESKTOP-L7I1FKN/AppData/Local/Coursier/Cache/v1/https/repo1.maven.org/maven2/com/typesafe/akka/akka-testkit_2.13/2.6.17/akka-testkit_2.13-2.6.17.jar!/reference.conf: 1: No configuration setting found for key 'AWS_APIGateway_Endpoint'" type="com.typesafe.config.ConfigException$Missing">com.typesafe.config.ConfigException$Missing: merge of system properties,application.conf @ file:/D:/0UIC%20Courses/CS%20441%20-%20Cloud%20computing/Lambda-Matcher-gRPC/target/scala-2.13/classes/application.conf: 1,reference.conf @ jar:file:/C:/Users/Rajit%20Subin.DESKTOP-L7I1FKN/AppData/Local/Coursier/Cache/v1/https/repo1.maven.org/maven2/com/lightbend/akka/grpc/akka-grpc-runtime_2.13/2.1.0/akka-grpc-runtime_2.13-2.1.0.jar!/reference.conf: 1,reference.conf @ jar:file:/C:/Users/Rajit%20Subin.DESKTOP-L7I1FKN/AppData/Local/Coursier/Cache/v1/https/repo1.maven.org/maven2/com/typesafe/akka/akka-http_2.13/10.2.7/akka-http_2.13-10.2.7.jar!/reference.conf: 1,reference.conf @ jar:file:/C:/Users/Rajit%20Subin.DESKTOP-L7I1FKN/AppData/Local/Coursier/Cache/v1/https/repo1.maven.org/maven2/com/typesafe/akka/akka-actor-typed_2.13/2.6.17/akka-actor-typed_2.13-2.6.17.jar!/reference.conf: 1,reference.conf @ jar:file:/C:/Users/Rajit%20Subin.DESKTOP-L7I1FKN/AppData/Local/Coursier/Cache/v1/https/repo1.maven.org/maven2/com/typesafe/akka/akka-stream_2.13/2.6.17/akka-stream_2.13-2.6.17.jar!/reference.conf: 1,reference.conf @ jar:file:/C:/Users/Rajit%20Subin.DESKTOP-L7I1FKN/AppData/Local/Coursier/Cache/v1/https/repo1.maven.org/maven2/com/typesafe/akka/akka-discovery_2.13/2.6.17/akka-discovery_2.13-2.6.17.jar!/reference.conf: 1,reference.conf @ jar:file:/C:/Users/Rajit%20Subin.DESKTOP-L7I1FKN/AppData/Local/Coursier/Cache/v1/https/repo1.maven.org/maven2/com/typesafe/akka/akka-actor-testkit-typed_2.13/2.6.17/akka-actor-testkit-typed_2.13-2.6.17.jar!/reference.conf: 1,reference.conf @ jar:file:/C:/Users/Rajit%20Subin.DESKTOP-L7I1FKN/AppData/Local/Coursier/Cache/v1/https/repo1.maven.org/maven2/com/typesafe/akka/akka-stream-testkit_2.13/2.6.17/akka-stream-testkit_2.13-2.6.17.jar!/reference.conf: 1,reference.conf @ jar:file:/C:/Users/Rajit%20Subin.DESKTOP-L7I1FKN/AppData/Local/Coursier/Cache/v1/https/repo1.maven.org/maven2/com/typesafe/akka/akka-http-core_2.13/10.2.7/akka-http-core_2.13-10.2.7.jar!/reference.conf: 1,reference.conf @ jar:file:/C:/Users/Rajit%20Subin.DESKTOP-L7I1FKN/AppData/Local/Coursier/Cache/v1/https/repo1.maven.org/maven2/com/typesafe/akka/akka-actor_2.13/2.6.17/akka-actor_2.13-2.6.17.jar!/reference.conf: 1,reference.conf @ jar:file:/C:/Users/Rajit%20Subin.DESKTOP-L7I1FKN/AppData/Local/Coursier/Cache/v1/https/repo1.maven.org/maven2/com/typesafe/ssl-config-core_2.13/0.4.2/ssl-config-core_2.13-0.4.2.jar!/reference.conf: 1,reference.conf @ jar:file:/C:/Users/Rajit%20Subin.DESKTOP-L7I1FKN/AppData/Local/Coursier/Cache/v1/https/repo1.maven.org/maven2/com/typesafe/akka/akka-testkit_2.13/2.6.17/akka-testkit_2.13-2.6.17.jar!/reference.conf: 1: No configuration setting found for key 'AWS_APIGateway_Endpoint'
	at com.typesafe.config.impl.SimpleConfig.findKeyOrNull(SimpleConfig.java:156)
	at com.typesafe.config.impl.SimpleConfig.findOrNull(SimpleConfig.java:174)
	at com.typesafe.config.impl.SimpleConfig.find(SimpleConfig.java:188)
	at com.typesafe.config.impl.SimpleConfig.find(SimpleConfig.java:193)
	at com.typesafe.config.impl.SimpleConfig.getString(SimpleConfig.java:250)
	at test_loganalyser.Test.$anonfun$new$2(Test.scala:21)
	at org.scalatest.OutcomeOf.outcomeOf(OutcomeOf.scala:85)
	at org.scalatest.OutcomeOf.outcomeOf$(OutcomeOf.scala:83)
	at org.scalatest.OutcomeOf$.outcomeOf(OutcomeOf.scala:104)
	at org.scalatest.Transformer.apply(Transformer.scala:22)
	at org.scalatest.Transformer.apply(Transformer.scala:20)
	at org.scalatest.flatspec.AnyFlatSpecLike$$anon$5.apply(AnyFlatSpecLike.scala:1683)
	at org.scalatest.TestSuite.withFixture(TestSuite.scala:196)
	at org.scalatest.TestSuite.withFixture$(TestSuite.scala:195)
	at org.scalatest.flatspec.AnyFlatSpec.withFixture(AnyFlatSpec.scala:1685)
	at org.scalatest.flatspec.AnyFlatSpecLike.invokeWithFixture$1(AnyFlatSpecLike.scala:1681)
	at org.scalatest.flatspec.AnyFlatSpecLike.$anonfun$runTest$1(AnyFlatSpecLike.scala:1693)
	at org.scalatest.SuperEngine.runTestImpl(Engine.scala:306)
	at org.scalatest.flatspec.AnyFlatSpecLike.runTest(AnyFlatSpecLike.scala:1693)
	at org.scalatest.flatspec.AnyFlatSpecLike.runTest$(AnyFlatSpecLike.scala:1675)
	at org.scalatest.flatspec.AnyFlatSpec.runTest(AnyFlatSpec.scala:1685)
	at org.scalatest.flatspec.AnyFlatSpecLike.$anonfun$runTests$1(AnyFlatSpecLike.scala:1751)
	at org.scalatest.SuperEngine.$anonfun$runTestsInBranch$1(Engine.scala:413)
	at scala.collection.immutable.List.foreach(List.scala:333)
	at org.scalatest.SuperEngine.traverseSubNodes$1(Engine.scala:401)
	at org.scalatest.SuperEngine.runTestsInBranch(Engine.scala:396)
	at org.scalatest.SuperEngine.runTestsImpl(Engine.scala:475)
	at org.scalatest.flatspec.AnyFlatSpecLike.runTests(AnyFlatSpecLike.scala:1751)
	at org.scalatest.flatspec.AnyFlatSpecLike.runTests$(AnyFlatSpecLike.scala:1750)
	at org.scalatest.flatspec.AnyFlatSpec.runTests(AnyFlatSpec.scala:1685)
	at org.scalatest.Suite.run(Suite.scala:1112)
	at org.scalatest.Suite.run$(Suite.scala:1094)
	at org.scalatest.flatspec.AnyFlatSpec.org$scalatest$flatspec$AnyFlatSpecLike$$super$run(AnyFlatSpec.scala:1685)
	at org.scalatest.flatspec.AnyFlatSpecLike.$anonfun$run$1(AnyFlatSpecLike.scala:1796)
	at org.scalatest.SuperEngine.runImpl(Engine.scala:535)
	at org.scalatest.flatspec.AnyFlatSpecLike.run(AnyFlatSpecLike.scala:1796)
	at org.scalatest.flatspec.AnyFlatSpecLike.run$(AnyFlatSpecLike.scala:1794)
	at org.scalatest.flatspec.AnyFlatSpec.run(AnyFlatSpec.scala:1685)
	at org.scalatest.tools.Framework.org$scalatest$tools$Framework$$runSuite(Framework.scala:318)
	at org.scalatest.tools.Framework$ScalaTestTask.execute(Framework.scala:513)
	at sbt.TestRunner.runTest$1(TestFramework.scala:140)
	at sbt.TestRunner.run(TestFramework.scala:155)
	at sbt.TestFramework$$anon$3$$anonfun$$lessinit$greater$1.$anonfun$apply$1(TestFramework.scala:318)
	at sbt.TestFramework$.sbt$TestFramework$$withContextLoader(TestFramework.scala:278)
	at sbt.TestFramework$$anon$3$$anonfun$$lessinit$greater$1.apply(TestFramework.scala:318)
	at sbt.TestFramework$$anon$3$$anonfun$$lessinit$greater$1.apply(TestFramework.scala:318)
	at sbt.TestFunction.apply(TestFramework.scala:330)
	at sbt.Tests$.$anonfun$toTask$1(Tests.scala:435)
	at sbt.std.Transform$$anon$3.$anonfun$apply$2(Transform.scala:46)
	at sbt.std.Transform$$anon$4.work(Transform.scala:68)
	at sbt.Execute.$anonfun$submit$2(Execute.scala:282)
	at sbt.internal.util.ErrorHandling$.wideConvert(ErrorHandling.scala:23)
	at sbt.Execute.work(Execute.scala:291)
	at sbt.Execute.$anonfun$submit$1(Execute.scala:282)
	at sbt.ConcurrentRestrictions$$anon$4.$anonfun$submitValid$1(ConcurrentRestrictions.scala:265)
	at sbt.CompletionService$$anon$2.call(CompletionService.scala:64)
	at java.base/java.util.concurrent.FutureTask.run(FutureTask.java:264)
	at java.base/java.util.concurrent.Executors$RunnableAdapter.call(Executors.java:515)
	at java.base/java.util.concurrent.FutureTask.run(FutureTask.java:264)
	at java.base/java.util.concurrent.ThreadPoolExecutor.runWorker(ThreadPoolExecutor.java:1130)
	at java.base/java.util.concurrent.ThreadPoolExecutor$Worker.run(ThreadPoolExecutor.java:630)
	at java.base/java.lang.Thread.run(Thread.java:831)
</failure>
                    </testcase><testcase classname="test_loganalyser.Test" name="should Check if correct input format of time stamp is being sent" time="0.0">
                      <failure message="merge of system properties,application.conf @ file:/D:/0UIC%20Courses/CS%20441%20-%20Cloud%20computing/Lambda-Matcher-gRPC/target/scala-2.13/classes/application.conf: 1,reference.conf @ jar:file:/C:/Users/Rajit%20Subin.DESKTOP-L7I1FKN/AppData/Local/Coursier/Cache/v1/https/repo1.maven.org/maven2/com/lightbend/akka/grpc/akka-grpc-runtime_2.13/2.1.0/akka-grpc-runtime_2.13-2.1.0.jar!/reference.conf: 1,reference.conf @ jar:file:/C:/Users/Rajit%20Subin.DESKTOP-L7I1FKN/AppData/Local/Coursier/Cache/v1/https/repo1.maven.org/maven2/com/typesafe/akka/akka-http_2.13/10.2.7/akka-http_2.13-10.2.7.jar!/reference.conf: 1,reference.conf @ jar:file:/C:/Users/Rajit%20Subin.DESKTOP-L7I1FKN/AppData/Local/Coursier/Cache/v1/https/repo1.maven.org/maven2/com/typesafe/akka/akka-actor-typed_2.13/2.6.17/akka-actor-typed_2.13-2.6.17.jar!/reference.conf: 1,reference.conf @ jar:file:/C:/Users/Rajit%20Subin.DESKTOP-L7I1FKN/AppData/Local/Coursier/Cache/v1/https/repo1.maven.org/maven2/com/typesafe/akka/akka-stream_2.13/2.6.17/akka-stream_2.13-2.6.17.jar!/reference.conf: 1,reference.conf @ jar:file:/C:/Users/Rajit%20Subin.DESKTOP-L7I1FKN/AppData/Local/Coursier/Cache/v1/https/repo1.maven.org/maven2/com/typesafe/akka/akka-discovery_2.13/2.6.17/akka-discovery_2.13-2.6.17.jar!/reference.conf: 1,reference.conf @ jar:file:/C:/Users/Rajit%20Subin.DESKTOP-L7I1FKN/AppData/Local/Coursier/Cache/v1/https/repo1.maven.org/maven2/com/typesafe/akka/akka-actor-testkit-typed_2.13/2.6.17/akka-actor-testkit-typed_2.13-2.6.17.jar!/reference.conf: 1,reference.conf @ jar:file:/C:/Users/Rajit%20Subin.DESKTOP-L7I1FKN/AppData/Local/Coursier/Cache/v1/https/repo1.maven.org/maven2/com/typesafe/akka/akka-stream-testkit_2.13/2.6.17/akka-stream-testkit_2.13-2.6.17.jar!/reference.conf: 1,reference.conf @ jar:file:/C:/Users/Rajit%20Subin.DESKTOP-L7I1FKN/AppData/Local/Coursier/Cache/v1/https/repo1.maven.org/maven2/com/typesafe/akka/akka-http-core_2.13/10.2.7/akka-http-core_2.13-10.2.7.jar!/reference.conf: 1,reference.conf @ jar:file:/C:/Users/Rajit%20Subin.DESKTOP-L7I1FKN/AppData/Local/Coursier/Cache/v1/https/repo1.maven.org/maven2/com/typesafe/akka/akka-actor_2.13/2.6.17/akka-actor_2.13-2.6.17.jar!/reference.conf: 1,reference.conf @ jar:file:/C:/Users/Rajit%20Subin.DESKTOP-L7I1FKN/AppData/Local/Coursier/Cache/v1/https/repo1.maven.org/maven2/com/typesafe/ssl-config-core_2.13/0.4.2/ssl-config-core_2.13-0.4.2.jar!/reference.conf: 1,reference.conf @ jar:file:/C:/Users/Rajit%20Subin.DESKTOP-L7I1FKN/AppData/Local/Coursier/Cache/v1/https/repo1.maven.org/maven2/com/typesafe/akka/akka-testkit_2.13/2.6.17/akka-testkit_2.13-2.6.17.jar!/reference.conf: 1: No configuration setting found for key 'timestamp'" type="com.typesafe.config.ConfigException$Missing">com.typesafe.config.ConfigException$Missing: merge of system properties,application.conf @ file:/D:/0UIC%20Courses/CS%20441%20-%20Cloud%20computing/Lambda-Matcher-gRPC/target/scala-2.13/classes/application.conf: 1,reference.conf @ jar:file:/C:/Users/Rajit%20Subin.DESKTOP-L7I1FKN/AppData/Local/Coursier/Cache/v1/https/repo1.maven.org/maven2/com/lightbend/akka/grpc/akka-grpc-runtime_2.13/2.1.0/akka-grpc-runtime_2.13-2.1.0.jar!/reference.conf: 1,reference.conf @ jar:file:/C:/Users/Rajit%20Subin.DESKTOP-L7I1FKN/AppData/Local/Coursier/Cache/v1/https/repo1.maven.org/maven2/com/typesafe/akka/akka-http_2.13/10.2.7/akka-http_2.13-10.2.7.jar!/reference.conf: 1,reference.conf @ jar:file:/C:/Users/Rajit%20Subin.DESKTOP-L7I1FKN/AppData/Local/Coursier/Cache/v1/https/repo1.maven.org/maven2/com/typesafe/akka/akka-actor-typed_2.13/2.6.17/akka-actor-typed_2.13-2.6.17.jar!/reference.conf: 1,reference.conf @ jar:file:/C:/Users/Rajit%20Subin.DESKTOP-L7I1FKN/AppData/Local/Coursier/Cache/v1/https/repo1.maven.org/maven2/com/typesafe/akka/akka-stream_2.13/2.6.17/akka-stream_2.13-2.6.17.jar!/reference.conf: 1,reference.conf @ jar:file:/C:/Users/Rajit%20Subin.DESKTOP-L7I1FKN/AppData/Local/Coursier/Cache/v1/https/repo1.maven.org/maven2/com/typesafe/akka/akka-discovery_2.13/2.6.17/akka-discovery_2.13-2.6.17.jar!/reference.conf: 1,reference.conf @ jar:file:/C:/Users/Rajit%20Subin.DESKTOP-L7I1FKN/AppData/Local/Coursier/Cache/v1/https/repo1.maven.org/maven2/com/typesafe/akka/akka-actor-testkit-typed_2.13/2.6.17/akka-actor-testkit-typed_2.13-2.6.17.jar!/reference.conf: 1,reference.conf @ jar:file:/C:/Users/Rajit%20Subin.DESKTOP-L7I1FKN/AppData/Local/Coursier/Cache/v1/https/repo1.maven.org/maven2/com/typesafe/akka/akka-stream-testkit_2.13/2.6.17/akka-stream-testkit_2.13-2.6.17.jar!/reference.conf: 1,reference.conf @ jar:file:/C:/Users/Rajit%20Subin.DESKTOP-L7I1FKN/AppData/Local/Coursier/Cache/v1/https/repo1.maven.org/maven2/com/typesafe/akka/akka-http-core_2.13/10.2.7/akka-http-core_2.13-10.2.7.jar!/reference.conf: 1,reference.conf @ jar:file:/C:/Users/Rajit%20Subin.DESKTOP-L7I1FKN/AppData/Local/Coursier/Cache/v1/https/repo1.maven.org/maven2/com/typesafe/akka/akka-actor_2.13/2.6.17/akka-actor_2.13-2.6.17.jar!/reference.conf: 1,reference.conf @ jar:file:/C:/Users/Rajit%20Subin.DESKTOP-L7I1FKN/AppData/Local/Coursier/Cache/v1/https/repo1.maven.org/maven2/com/typesafe/ssl-config-core_2.13/0.4.2/ssl-config-core_2.13-0.4.2.jar!/reference.conf: 1,reference.conf @ jar:file:/C:/Users/Rajit%20Subin.DESKTOP-L7I1FKN/AppData/Local/Coursier/Cache/v1/https/repo1.maven.org/maven2/com/typesafe/akka/akka-testkit_2.13/2.6.17/akka-testkit_2.13-2.6.17.jar!/reference.conf: 1: No configuration setting found for key 'timestamp'
	at com.typesafe.config.impl.SimpleConfig.findKeyOrNull(SimpleConfig.java:156)
	at com.typesafe.config.impl.SimpleConfig.findOrNull(SimpleConfig.java:174)
	at com.typesafe.config.impl.SimpleConfig.find(SimpleConfig.java:188)
	at com.typesafe.config.impl.SimpleConfig.find(SimpleConfig.java:193)
	at com.typesafe.config.impl.SimpleConfig.getString(SimpleConfig.java:250)
	at test_loganalyser.Test.$anonfun$new$3(Test.scala:28)
	at org.scalatest.OutcomeOf.outcomeOf(OutcomeOf.scala:85)
	at org.scalatest.OutcomeOf.outcomeOf$(OutcomeOf.scala:83)
	at org.scalatest.OutcomeOf$.outcomeOf(OutcomeOf.scala:104)
	at org.scalatest.Transformer.apply(Transformer.scala:22)
	at org.scalatest.Transformer.apply(Transformer.scala:20)
	at org.scalatest.flatspec.AnyFlatSpecLike$$anon$5.apply(AnyFlatSpecLike.scala:1683)
	at org.scalatest.TestSuite.withFixture(TestSuite.scala:196)
	at org.scalatest.TestSuite.withFixture$(TestSuite.scala:195)
	at org.scalatest.flatspec.AnyFlatSpec.withFixture(AnyFlatSpec.scala:1685)
	at org.scalatest.flatspec.AnyFlatSpecLike.invokeWithFixture$1(AnyFlatSpecLike.scala:1681)
	at org.scalatest.flatspec.AnyFlatSpecLike.$anonfun$runTest$1(AnyFlatSpecLike.scala:1693)
	at org.scalatest.SuperEngine.runTestImpl(Engine.scala:306)
	at org.scalatest.flatspec.AnyFlatSpecLike.runTest(AnyFlatSpecLike.scala:1693)
	at org.scalatest.flatspec.AnyFlatSpecLike.runTest$(AnyFlatSpecLike.scala:1675)
	at org.scalatest.flatspec.AnyFlatSpec.runTest(AnyFlatSpec.scala:1685)
	at org.scalatest.flatspec.AnyFlatSpecLike.$anonfun$runTests$1(AnyFlatSpecLike.scala:1751)
	at org.scalatest.SuperEngine.$anonfun$runTestsInBranch$1(Engine.scala:413)
	at scala.collection.immutable.List.foreach(List.scala:333)
	at org.scalatest.SuperEngine.traverseSubNodes$1(Engine.scala:401)
	at org.scalatest.SuperEngine.runTestsInBranch(Engine.scala:396)
	at org.scalatest.SuperEngine.runTestsImpl(Engine.scala:475)
	at org.scalatest.flatspec.AnyFlatSpecLike.runTests(AnyFlatSpecLike.scala:1751)
	at org.scalatest.flatspec.AnyFlatSpecLike.runTests$(AnyFlatSpecLike.scala:1750)
	at org.scalatest.flatspec.AnyFlatSpec.runTests(AnyFlatSpec.scala:1685)
	at org.scalatest.Suite.run(Suite.scala:1112)
	at org.scalatest.Suite.run$(Suite.scala:1094)
	at org.scalatest.flatspec.AnyFlatSpec.org$scalatest$flatspec$AnyFlatSpecLike$$super$run(AnyFlatSpec.scala:1685)
	at org.scalatest.flatspec.AnyFlatSpecLike.$anonfun$run$1(AnyFlatSpecLike.scala:1796)
	at org.scalatest.SuperEngine.runImpl(Engine.scala:535)
	at org.scalatest.flatspec.AnyFlatSpecLike.run(AnyFlatSpecLike.scala:1796)
	at org.scalatest.flatspec.AnyFlatSpecLike.run$(AnyFlatSpecLike.scala:1794)
	at org.scalatest.flatspec.AnyFlatSpec.run(AnyFlatSpec.scala:1685)
	at org.scalatest.tools.Framework.org$scalatest$tools$Framework$$runSuite(Framework.scala:318)
	at org.scalatest.tools.Framework$ScalaTestTask.execute(Framework.scala:513)
	at sbt.TestRunner.runTest$1(TestFramework.scala:140)
	at sbt.TestRunner.run(TestFramework.scala:155)
	at sbt.TestFramework$$anon$3$$anonfun$$lessinit$greater$1.$anonfun$apply$1(TestFramework.scala:318)
	at sbt.TestFramework$.sbt$TestFramework$$withContextLoader(TestFramework.scala:278)
	at sbt.TestFramework$$anon$3$$anonfun$$lessinit$greater$1.apply(TestFramework.scala:318)
	at sbt.TestFramework$$anon$3$$anonfun$$lessinit$greater$1.apply(TestFramework.scala:318)
	at sbt.TestFunction.apply(TestFramework.scala:330)
	at sbt.Tests$.$anonfun$toTask$1(Tests.scala:435)
	at sbt.std.Transform$$anon$3.$anonfun$apply$2(Transform.scala:46)
	at sbt.std.Transform$$anon$4.work(Transform.scala:68)
	at sbt.Execute.$anonfun$submit$2(Execute.scala:282)
	at sbt.internal.util.ErrorHandling$.wideConvert(ErrorHandling.scala:23)
	at sbt.Execute.work(Execute.scala:291)
	at sbt.Execute.$anonfun$submit$1(Execute.scala:282)
	at sbt.ConcurrentRestrictions$$anon$4.$anonfun$submitValid$1(ConcurrentRestrictions.scala:265)
	at sbt.CompletionService$$anon$2.call(CompletionService.scala:64)
	at java.base/java.util.concurrent.FutureTask.run(FutureTask.java:264)
	at java.base/java.util.concurrent.Executors$RunnableAdapter.call(Executors.java:515)
	at java.base/java.util.concurrent.FutureTask.run(FutureTask.java:264)
	at java.base/java.util.concurrent.ThreadPoolExecutor.runWorker(ThreadPoolExecutor.java:1130)
	at java.base/java.util.concurrent.ThreadPoolExecutor$Worker.run(ThreadPoolExecutor.java:630)
	at java.base/java.lang.Thread.run(Thread.java:831)
</failure>
                    </testcase><testcase classname="test_loganalyser.Test" name="should Check if last two characters of delta are numbers" time="0.0">
                      <failure message="merge of system properties,application.conf @ file:/D:/0UIC%20Courses/CS%20441%20-%20Cloud%20computing/Lambda-Matcher-gRPC/target/scala-2.13/classes/application.conf: 1,reference.conf @ jar:file:/C:/Users/Rajit%20Subin.DESKTOP-L7I1FKN/AppData/Local/Coursier/Cache/v1/https/repo1.maven.org/maven2/com/lightbend/akka/grpc/akka-grpc-runtime_2.13/2.1.0/akka-grpc-runtime_2.13-2.1.0.jar!/reference.conf: 1,reference.conf @ jar:file:/C:/Users/Rajit%20Subin.DESKTOP-L7I1FKN/AppData/Local/Coursier/Cache/v1/https/repo1.maven.org/maven2/com/typesafe/akka/akka-http_2.13/10.2.7/akka-http_2.13-10.2.7.jar!/reference.conf: 1,reference.conf @ jar:file:/C:/Users/Rajit%20Subin.DESKTOP-L7I1FKN/AppData/Local/Coursier/Cache/v1/https/repo1.maven.org/maven2/com/typesafe/akka/akka-actor-typed_2.13/2.6.17/akka-actor-typed_2.13-2.6.17.jar!/reference.conf: 1,reference.conf @ jar:file:/C:/Users/Rajit%20Subin.DESKTOP-L7I1FKN/AppData/Local/Coursier/Cache/v1/https/repo1.maven.org/maven2/com/typesafe/akka/akka-stream_2.13/2.6.17/akka-stream_2.13-2.6.17.jar!/reference.conf: 1,reference.conf @ jar:file:/C:/Users/Rajit%20Subin.DESKTOP-L7I1FKN/AppData/Local/Coursier/Cache/v1/https/repo1.maven.org/maven2/com/typesafe/akka/akka-discovery_2.13/2.6.17/akka-discovery_2.13-2.6.17.jar!/reference.conf: 1,reference.conf @ jar:file:/C:/Users/Rajit%20Subin.DESKTOP-L7I1FKN/AppData/Local/Coursier/Cache/v1/https/repo1.maven.org/maven2/com/typesafe/akka/akka-actor-testkit-typed_2.13/2.6.17/akka-actor-testkit-typed_2.13-2.6.17.jar!/reference.conf: 1,reference.conf @ jar:file:/C:/Users/Rajit%20Subin.DESKTOP-L7I1FKN/AppData/Local/Coursier/Cache/v1/https/repo1.maven.org/maven2/com/typesafe/akka/akka-stream-testkit_2.13/2.6.17/akka-stream-testkit_2.13-2.6.17.jar!/reference.conf: 1,reference.conf @ jar:file:/C:/Users/Rajit%20Subin.DESKTOP-L7I1FKN/AppData/Local/Coursier/Cache/v1/https/repo1.maven.org/maven2/com/typesafe/akka/akka-http-core_2.13/10.2.7/akka-http-core_2.13-10.2.7.jar!/reference.conf: 1,reference.conf @ jar:file:/C:/Users/Rajit%20Subin.DESKTOP-L7I1FKN/AppData/Local/Coursier/Cache/v1/https/repo1.maven.org/maven2/com/typesafe/akka/akka-actor_2.13/2.6.17/akka-actor_2.13-2.6.17.jar!/reference.conf: 1,reference.conf @ jar:file:/C:/Users/Rajit%20Subin.DESKTOP-L7I1FKN/AppData/Local/Coursier/Cache/v1/https/repo1.maven.org/maven2/com/typesafe/ssl-config-core_2.13/0.4.2/ssl-config-core_2.13-0.4.2.jar!/reference.conf: 1,reference.conf @ jar:file:/C:/Users/Rajit%20Subin.DESKTOP-L7I1FKN/AppData/Local/Coursier/Cache/v1/https/repo1.maven.org/maven2/com/typesafe/akka/akka-testkit_2.13/2.6.17/akka-testkit_2.13-2.6.17.jar!/reference.conf: 1: No configuration setting found for key 'delta'" type="com.typesafe.config.ConfigException$Missing">com.typesafe.config.ConfigException$Missing: merge of system properties,application.conf @ file:/D:/0UIC%20Courses/CS%20441%20-%20Cloud%20computing/Lambda-Matcher-gRPC/target/scala-2.13/classes/application.conf: 1,reference.conf @ jar:file:/C:/Users/Rajit%20Subin.DESKTOP-L7I1FKN/AppData/Local/Coursier/Cache/v1/https/repo1.maven.org/maven2/com/lightbend/akka/grpc/akka-grpc-runtime_2.13/2.1.0/akka-grpc-runtime_2.13-2.1.0.jar!/reference.conf: 1,reference.conf @ jar:file:/C:/Users/Rajit%20Subin.DESKTOP-L7I1FKN/AppData/Local/Coursier/Cache/v1/https/repo1.maven.org/maven2/com/typesafe/akka/akka-http_2.13/10.2.7/akka-http_2.13-10.2.7.jar!/reference.conf: 1,reference.conf @ jar:file:/C:/Users/Rajit%20Subin.DESKTOP-L7I1FKN/AppData/Local/Coursier/Cache/v1/https/repo1.maven.org/maven2/com/typesafe/akka/akka-actor-typed_2.13/2.6.17/akka-actor-typed_2.13-2.6.17.jar!/reference.conf: 1,reference.conf @ jar:file:/C:/Users/Rajit%20Subin.DESKTOP-L7I1FKN/AppData/Local/Coursier/Cache/v1/https/repo1.maven.org/maven2/com/typesafe/akka/akka-stream_2.13/2.6.17/akka-stream_2.13-2.6.17.jar!/reference.conf: 1,reference.conf @ jar:file:/C:/Users/Rajit%20Subin.DESKTOP-L7I1FKN/AppData/Local/Coursier/Cache/v1/https/repo1.maven.org/maven2/com/typesafe/akka/akka-discovery_2.13/2.6.17/akka-discovery_2.13-2.6.17.jar!/reference.conf: 1,reference.conf @ jar:file:/C:/Users/Rajit%20Subin.DESKTOP-L7I1FKN/AppData/Local/Coursier/Cache/v1/https/repo1.maven.org/maven2/com/typesafe/akka/akka-actor-testkit-typed_2.13/2.6.17/akka-actor-testkit-typed_2.13-2.6.17.jar!/reference.conf: 1,reference.conf @ jar:file:/C:/Users/Rajit%20Subin.DESKTOP-L7I1FKN/AppData/Local/Coursier/Cache/v1/https/repo1.maven.org/maven2/com/typesafe/akka/akka-stream-testkit_2.13/2.6.17/akka-stream-testkit_2.13-2.6.17.jar!/reference.conf: 1,reference.conf @ jar:file:/C:/Users/Rajit%20Subin.DESKTOP-L7I1FKN/AppData/Local/Coursier/Cache/v1/https/repo1.maven.org/maven2/com/typesafe/akka/akka-http-core_2.13/10.2.7/akka-http-core_2.13-10.2.7.jar!/reference.conf: 1,reference.conf @ jar:file:/C:/Users/Rajit%20Subin.DESKTOP-L7I1FKN/AppData/Local/Coursier/Cache/v1/https/repo1.maven.org/maven2/com/typesafe/akka/akka-actor_2.13/2.6.17/akka-actor_2.13-2.6.17.jar!/reference.conf: 1,reference.conf @ jar:file:/C:/Users/Rajit%20Subin.DESKTOP-L7I1FKN/AppData/Local/Coursier/Cache/v1/https/repo1.maven.org/maven2/com/typesafe/ssl-config-core_2.13/0.4.2/ssl-config-core_2.13-0.4.2.jar!/reference.conf: 1,reference.conf @ jar:file:/C:/Users/Rajit%20Subin.DESKTOP-L7I1FKN/AppData/Local/Coursier/Cache/v1/https/repo1.maven.org/maven2/com/typesafe/akka/akka-testkit_2.13/2.6.17/akka-testkit_2.13-2.6.17.jar!/reference.conf: 1: No configuration setting found for key 'delta'
	at com.typesafe.config.impl.SimpleConfig.findKeyOrNull(SimpleConfig.java:156)
	at com.typesafe.config.impl.SimpleConfig.findOrNull(SimpleConfig.java:174)
	at com.typesafe.config.impl.SimpleConfig.find(SimpleConfig.java:188)
	at com.typesafe.config.impl.SimpleConfig.find(SimpleConfig.java:193)
	at com.typesafe.config.impl.SimpleConfig.getString(SimpleConfig.java:250)
	at test_loganalyser.Test.$anonfun$new$4(Test.scala:36)
	at org.scalatest.OutcomeOf.outcomeOf(OutcomeOf.scala:85)
	at org.scalatest.OutcomeOf.outcomeOf$(OutcomeOf.scala:83)
	at org.scalatest.OutcomeOf$.outcomeOf(OutcomeOf.scala:104)
	at org.scalatest.Transformer.apply(Transformer.scala:22)
	at org.scalatest.Transformer.apply(Transformer.scala:20)
	at org.scalatest.flatspec.AnyFlatSpecLike$$anon$5.apply(AnyFlatSpecLike.scala:1683)
	at org.scalatest.TestSuite.withFixture(TestSuite.scala:196)
	at org.scalatest.TestSuite.withFixture$(TestSuite.scala:195)
	at org.scalatest.flatspec.AnyFlatSpec.withFixture(AnyFlatSpec.scala:1685)
	at org.scalatest.flatspec.AnyFlatSpecLike.invokeWithFixture$1(AnyFlatSpecLike.scala:1681)
	at org.scalatest.flatspec.AnyFlatSpecLike.$anonfun$runTest$1(AnyFlatSpecLike.scala:1693)
	at org.scalatest.SuperEngine.runTestImpl(Engine.scala:306)
	at org.scalatest.flatspec.AnyFlatSpecLike.runTest(AnyFlatSpecLike.scala:1693)
	at org.scalatest.flatspec.AnyFlatSpecLike.runTest$(AnyFlatSpecLike.scala:1675)
	at org.scalatest.flatspec.AnyFlatSpec.runTest(AnyFlatSpec.scala:1685)
	at org.scalatest.flatspec.AnyFlatSpecLike.$anonfun$runTests$1(AnyFlatSpecLike.scala:1751)
	at org.scalatest.SuperEngine.$anonfun$runTestsInBranch$1(Engine.scala:413)
	at scala.collection.immutable.List.foreach(List.scala:333)
	at org.scalatest.SuperEngine.traverseSubNodes$1(Engine.scala:401)
	at org.scalatest.SuperEngine.runTestsInBranch(Engine.scala:396)
	at org.scalatest.SuperEngine.runTestsImpl(Engine.scala:475)
	at org.scalatest.flatspec.AnyFlatSpecLike.runTests(AnyFlatSpecLike.scala:1751)
	at org.scalatest.flatspec.AnyFlatSpecLike.runTests$(AnyFlatSpecLike.scala:1750)
	at org.scalatest.flatspec.AnyFlatSpec.runTests(AnyFlatSpec.scala:1685)
	at org.scalatest.Suite.run(Suite.scala:1112)
	at org.scalatest.Suite.run$(Suite.scala:1094)
	at org.scalatest.flatspec.AnyFlatSpec.org$scalatest$flatspec$AnyFlatSpecLike$$super$run(AnyFlatSpec.scala:1685)
	at org.scalatest.flatspec.AnyFlatSpecLike.$anonfun$run$1(AnyFlatSpecLike.scala:1796)
	at org.scalatest.SuperEngine.runImpl(Engine.scala:535)
	at org.scalatest.flatspec.AnyFlatSpecLike.run(AnyFlatSpecLike.scala:1796)
	at org.scalatest.flatspec.AnyFlatSpecLike.run$(AnyFlatSpecLike.scala:1794)
	at org.scalatest.flatspec.AnyFlatSpec.run(AnyFlatSpec.scala:1685)
	at org.scalatest.tools.Framework.org$scalatest$tools$Framework$$runSuite(Framework.scala:318)
	at org.scalatest.tools.Framework$ScalaTestTask.execute(Framework.scala:513)
	at sbt.TestRunner.runTest$1(TestFramework.scala:140)
	at sbt.TestRunner.run(TestFramework.scala:155)
	at sbt.TestFramework$$anon$3$$anonfun$$lessinit$greater$1.$anonfun$apply$1(TestFramework.scala:318)
	at sbt.TestFramework$.sbt$TestFramework$$withContextLoader(TestFramework.scala:278)
	at sbt.TestFramework$$anon$3$$anonfun$$lessinit$greater$1.apply(TestFramework.scala:318)
	at sbt.TestFramework$$anon$3$$anonfun$$lessinit$greater$1.apply(TestFramework.scala:318)
	at sbt.TestFunction.apply(TestFramework.scala:330)
	at sbt.Tests$.$anonfun$toTask$1(Tests.scala:435)
	at sbt.std.Transform$$anon$3.$anonfun$apply$2(Transform.scala:46)
	at sbt.std.Transform$$anon$4.work(Transform.scala:68)
	at sbt.Execute.$anonfun$submit$2(Execute.scala:282)
	at sbt.internal.util.ErrorHandling$.wideConvert(ErrorHandling.scala:23)
	at sbt.Execute.work(Execute.scala:291)
	at sbt.Execute.$anonfun$submit$1(Execute.scala:282)
	at sbt.ConcurrentRestrictions$$anon$4.$anonfun$submitValid$1(ConcurrentRestrictions.scala:265)
	at sbt.CompletionService$$anon$2.call(CompletionService.scala:64)
	at java.base/java.util.concurrent.FutureTask.run(FutureTask.java:264)
	at java.base/java.util.concurrent.Executors$RunnableAdapter.call(Executors.java:515)
	at java.base/java.util.concurrent.FutureTask.run(FutureTask.java:264)
	at java.base/java.util.concurrent.ThreadPoolExecutor.runWorker(ThreadPoolExecutor.java:1130)
	at java.base/java.util.concurrent.ThreadPoolExecutor$Worker.run(ThreadPoolExecutor.java:630)
	at java.base/java.lang.Thread.run(Thread.java:831)
</failure>
                    </testcase><testcase classname="test_loganalyser.Test" name="should Check if port has value assigned" time="0.0">
                      <failure message="merge of system properties,application.conf @ file:/D:/0UIC%20Courses/CS%20441%20-%20Cloud%20computing/Lambda-Matcher-gRPC/target/scala-2.13/classes/application.conf: 1,reference.conf @ jar:file:/C:/Users/Rajit%20Subin.DESKTOP-L7I1FKN/AppData/Local/Coursier/Cache/v1/https/repo1.maven.org/maven2/com/lightbend/akka/grpc/akka-grpc-runtime_2.13/2.1.0/akka-grpc-runtime_2.13-2.1.0.jar!/reference.conf: 1,reference.conf @ jar:file:/C:/Users/Rajit%20Subin.DESKTOP-L7I1FKN/AppData/Local/Coursier/Cache/v1/https/repo1.maven.org/maven2/com/typesafe/akka/akka-http_2.13/10.2.7/akka-http_2.13-10.2.7.jar!/reference.conf: 1,reference.conf @ jar:file:/C:/Users/Rajit%20Subin.DESKTOP-L7I1FKN/AppData/Local/Coursier/Cache/v1/https/repo1.maven.org/maven2/com/typesafe/akka/akka-actor-typed_2.13/2.6.17/akka-actor-typed_2.13-2.6.17.jar!/reference.conf: 1,reference.conf @ jar:file:/C:/Users/Rajit%20Subin.DESKTOP-L7I1FKN/AppData/Local/Coursier/Cache/v1/https/repo1.maven.org/maven2/com/typesafe/akka/akka-stream_2.13/2.6.17/akka-stream_2.13-2.6.17.jar!/reference.conf: 1,reference.conf @ jar:file:/C:/Users/Rajit%20Subin.DESKTOP-L7I1FKN/AppData/Local/Coursier/Cache/v1/https/repo1.maven.org/maven2/com/typesafe/akka/akka-discovery_2.13/2.6.17/akka-discovery_2.13-2.6.17.jar!/reference.conf: 1,reference.conf @ jar:file:/C:/Users/Rajit%20Subin.DESKTOP-L7I1FKN/AppData/Local/Coursier/Cache/v1/https/repo1.maven.org/maven2/com/typesafe/akka/akka-actor-testkit-typed_2.13/2.6.17/akka-actor-testkit-typed_2.13-2.6.17.jar!/reference.conf: 1,reference.conf @ jar:file:/C:/Users/Rajit%20Subin.DESKTOP-L7I1FKN/AppData/Local/Coursier/Cache/v1/https/repo1.maven.org/maven2/com/typesafe/akka/akka-stream-testkit_2.13/2.6.17/akka-stream-testkit_2.13-2.6.17.jar!/reference.conf: 1,reference.conf @ jar:file:/C:/Users/Rajit%20Subin.DESKTOP-L7I1FKN/AppData/Local/Coursier/Cache/v1/https/repo1.maven.org/maven2/com/typesafe/akka/akka-http-core_2.13/10.2.7/akka-http-core_2.13-10.2.7.jar!/reference.conf: 1,reference.conf @ jar:file:/C:/Users/Rajit%20Subin.DESKTOP-L7I1FKN/AppData/Local/Coursier/Cache/v1/https/repo1.maven.org/maven2/com/typesafe/akka/akka-actor_2.13/2.6.17/akka-actor_2.13-2.6.17.jar!/reference.conf: 1,reference.conf @ jar:file:/C:/Users/Rajit%20Subin.DESKTOP-L7I1FKN/AppData/Local/Coursier/Cache/v1/https/repo1.maven.org/maven2/com/typesafe/ssl-config-core_2.13/0.4.2/ssl-config-core_2.13-0.4.2.jar!/reference.conf: 1,reference.conf @ jar:file:/C:/Users/Rajit%20Subin.DESKTOP-L7I1FKN/AppData/Local/Coursier/Cache/v1/https/repo1.maven.org/maven2/com/typesafe/akka/akka-testkit_2.13/2.6.17/akka-testkit_2.13-2.6.17.jar!/reference.conf: 1: No configuration setting found for key 'port'" type="com.typesafe.config.ConfigException$Missing">com.typesafe.config.ConfigException$Missing: merge of system properties,application.conf @ file:/D:/0UIC%20Courses/CS%20441%20-%20Cloud%20computing/Lambda-Matcher-gRPC/target/scala-2.13/classes/application.conf: 1,reference.conf @ jar:file:/C:/Users/Rajit%20Subin.DESKTOP-L7I1FKN/AppData/Local/Coursier/Cache/v1/https/repo1.maven.org/maven2/com/lightbend/akka/grpc/akka-grpc-runtime_2.13/2.1.0/akka-grpc-runtime_2.13-2.1.0.jar!/reference.conf: 1,reference.conf @ jar:file:/C:/Users/Rajit%20Subin.DESKTOP-L7I1FKN/AppData/Local/Coursier/Cache/v1/https/repo1.maven.org/maven2/com/typesafe/akka/akka-http_2.13/10.2.7/akka-http_2.13-10.2.7.jar!/reference.conf: 1,reference.conf @ jar:file:/C:/Users/Rajit%20Subin.DESKTOP-L7I1FKN/AppData/Local/Coursier/Cache/v1/https/repo1.maven.org/maven2/com/typesafe/akka/akka-actor-typed_2.13/2.6.17/akka-actor-typed_2.13-2.6.17.jar!/reference.conf: 1,reference.conf @ jar:file:/C:/Users/Rajit%20Subin.DESKTOP-L7I1FKN/AppData/Local/Coursier/Cache/v1/https/repo1.maven.org/maven2/com/typesafe/akka/akka-stream_2.13/2.6.17/akka-stream_2.13-2.6.17.jar!/reference.conf: 1,reference.conf @ jar:file:/C:/Users/Rajit%20Subin.DESKTOP-L7I1FKN/AppData/Local/Coursier/Cache/v1/https/repo1.maven.org/maven2/com/typesafe/akka/akka-discovery_2.13/2.6.17/akka-discovery_2.13-2.6.17.jar!/reference.conf: 1,reference.conf @ jar:file:/C:/Users/Rajit%20Subin.DESKTOP-L7I1FKN/AppData/Local/Coursier/Cache/v1/https/repo1.maven.org/maven2/com/typesafe/akka/akka-actor-testkit-typed_2.13/2.6.17/akka-actor-testkit-typed_2.13-2.6.17.jar!/reference.conf: 1,reference.conf @ jar:file:/C:/Users/Rajit%20Subin.DESKTOP-L7I1FKN/AppData/Local/Coursier/Cache/v1/https/repo1.maven.org/maven2/com/typesafe/akka/akka-stream-testkit_2.13/2.6.17/akka-stream-testkit_2.13-2.6.17.jar!/reference.conf: 1,reference.conf @ jar:file:/C:/Users/Rajit%20Subin.DESKTOP-L7I1FKN/AppData/Local/Coursier/Cache/v1/https/repo1.maven.org/maven2/com/typesafe/akka/akka-http-core_2.13/10.2.7/akka-http-core_2.13-10.2.7.jar!/reference.conf: 1,reference.conf @ jar:file:/C:/Users/Rajit%20Subin.DESKTOP-L7I1FKN/AppData/Local/Coursier/Cache/v1/https/repo1.maven.org/maven2/com/typesafe/akka/akka-actor_2.13/2.6.17/akka-actor_2.13-2.6.17.jar!/reference.conf: 1,reference.conf @ jar:file:/C:/Users/Rajit%20Subin.DESKTOP-L7I1FKN/AppData/Local/Coursier/Cache/v1/https/repo1.maven.org/maven2/com/typesafe/ssl-config-core_2.13/0.4.2/ssl-config-core_2.13-0.4.2.jar!/reference.conf: 1,reference.conf @ jar:file:/C:/Users/Rajit%20Subin.DESKTOP-L7I1FKN/AppData/Local/Coursier/Cache/v1/https/repo1.maven.org/maven2/com/typesafe/akka/akka-testkit_2.13/2.6.17/akka-testkit_2.13-2.6.17.jar!/reference.conf: 1: No configuration setting found for key 'port'
	at com.typesafe.config.impl.SimpleConfig.findKeyOrNull(SimpleConfig.java:156)
	at com.typesafe.config.impl.SimpleConfig.findOrNull(SimpleConfig.java:174)
	at com.typesafe.config.impl.SimpleConfig.find(SimpleConfig.java:188)
	at com.typesafe.config.impl.SimpleConfig.find(SimpleConfig.java:193)
	at com.typesafe.config.impl.SimpleConfig.getConfigNumber(SimpleConfig.java:223)
	at com.typesafe.config.impl.SimpleConfig.getInt(SimpleConfig.java:234)
	at test_loganalyser.Test.$anonfun$new$5(Test.scala:43)
	at org.scalatest.OutcomeOf.outcomeOf(OutcomeOf.scala:85)
	at org.scalatest.OutcomeOf.outcomeOf$(OutcomeOf.scala:83)
	at org.scalatest.OutcomeOf$.outcomeOf(OutcomeOf.scala:104)
	at org.scalatest.Transformer.apply(Transformer.scala:22)
	at org.scalatest.Transformer.apply(Transformer.scala:20)
	at org.scalatest.flatspec.AnyFlatSpecLike$$anon$5.apply(AnyFlatSpecLike.scala:1683)
	at org.scalatest.TestSuite.withFixture(TestSuite.scala:196)
	at org.scalatest.TestSuite.withFixture$(TestSuite.scala:195)
	at org.scalatest.flatspec.AnyFlatSpec.withFixture(AnyFlatSpec.scala:1685)
	at org.scalatest.flatspec.AnyFlatSpecLike.invokeWithFixture$1(AnyFlatSpecLike.scala:1681)
	at org.scalatest.flatspec.AnyFlatSpecLike.$anonfun$runTest$1(AnyFlatSpecLike.scala:1693)
	at org.scalatest.SuperEngine.runTestImpl(Engine.scala:306)
	at org.scalatest.flatspec.AnyFlatSpecLike.runTest(AnyFlatSpecLike.scala:1693)
	at org.scalatest.flatspec.AnyFlatSpecLike.runTest$(AnyFlatSpecLike.scala:1675)
	at org.scalatest.flatspec.AnyFlatSpec.runTest(AnyFlatSpec.scala:1685)
	at org.scalatest.flatspec.AnyFlatSpecLike.$anonfun$runTests$1(AnyFlatSpecLike.scala:1751)
	at org.scalatest.SuperEngine.$anonfun$runTestsInBranch$1(Engine.scala:413)
	at scala.collection.immutable.List.foreach(List.scala:333)
	at org.scalatest.SuperEngine.traverseSubNodes$1(Engine.scala:401)
	at org.scalatest.SuperEngine.runTestsInBranch(Engine.scala:396)
	at org.scalatest.SuperEngine.runTestsImpl(Engine.scala:475)
	at org.scalatest.flatspec.AnyFlatSpecLike.runTests(AnyFlatSpecLike.scala:1751)
	at org.scalatest.flatspec.AnyFlatSpecLike.runTests$(AnyFlatSpecLike.scala:1750)
	at org.scalatest.flatspec.AnyFlatSpec.runTests(AnyFlatSpec.scala:1685)
	at org.scalatest.Suite.run(Suite.scala:1112)
	at org.scalatest.Suite.run$(Suite.scala:1094)
	at org.scalatest.flatspec.AnyFlatSpec.org$scalatest$flatspec$AnyFlatSpecLike$$super$run(AnyFlatSpec.scala:1685)
	at org.scalatest.flatspec.AnyFlatSpecLike.$anonfun$run$1(AnyFlatSpecLike.scala:1796)
	at org.scalatest.SuperEngine.runImpl(Engine.scala:535)
	at org.scalatest.flatspec.AnyFlatSpecLike.run(AnyFlatSpecLike.scala:1796)
	at org.scalatest.flatspec.AnyFlatSpecLike.run$(AnyFlatSpecLike.scala:1794)
	at org.scalatest.flatspec.AnyFlatSpec.run(AnyFlatSpec.scala:1685)
	at org.scalatest.tools.Framework.org$scalatest$tools$Framework$$runSuite(Framework.scala:318)
	at org.scalatest.tools.Framework$ScalaTestTask.execute(Framework.scala:513)
	at sbt.TestRunner.runTest$1(TestFramework.scala:140)
	at sbt.TestRunner.run(TestFramework.scala:155)
	at sbt.TestFramework$$anon$3$$anonfun$$lessinit$greater$1.$anonfun$apply$1(TestFramework.scala:318)
	at sbt.TestFramework$.sbt$TestFramework$$withContextLoader(TestFramework.scala:278)
	at sbt.TestFramework$$anon$3$$anonfun$$lessinit$greater$1.apply(TestFramework.scala:318)
	at sbt.TestFramework$$anon$3$$anonfun$$lessinit$greater$1.apply(TestFramework.scala:318)
	at sbt.TestFunction.apply(TestFramework.scala:330)
	at sbt.Tests$.$anonfun$toTask$1(Tests.scala:435)
	at sbt.std.Transform$$anon$3.$anonfun$apply$2(Transform.scala:46)
	at sbt.std.Transform$$anon$4.work(Transform.scala:68)
	at sbt.Execute.$anonfun$submit$2(Execute.scala:282)
	at sbt.internal.util.ErrorHandling$.wideConvert(ErrorHandling.scala:23)
	at sbt.Execute.work(Execute.scala:291)
	at sbt.Execute.$anonfun$submit$1(Execute.scala:282)
	at sbt.ConcurrentRestrictions$$anon$4.$anonfun$submitValid$1(ConcurrentRestrictions.scala:265)
	at sbt.CompletionService$$anon$2.call(CompletionService.scala:64)
	at java.base/java.util.concurrent.FutureTask.run(FutureTask.java:264)
	at java.base/java.util.concurrent.Executors$RunnableAdapter.call(Executors.java:515)
	at java.base/java.util.concurrent.FutureTask.run(FutureTask.java:264)
	at java.base/java.util.concurrent.ThreadPoolExecutor.runWorker(ThreadPoolExecutor.java:1130)
	at java.base/java.util.concurrent.ThreadPoolExecutor$Worker.run(ThreadPoolExecutor.java:630)
	at java.base/java.lang.Thread.run(Thread.java:831)
</failure>
                    </testcase>
          <system-out><![CDATA[]]></system-out>
          <system-err><![CDATA[]]></system-err>
        </testsuite>