[debug] > Exec(test, None, None)
[debug] Evaluating tasks: Test / test
[debug] Running task... Cancel: Signal, check cycles: false, forcegc: true
[info] compiling 11 Scala sources and 1 Java source to D:\0UIC Courses\CS 441 - Cloud computing\Lambda-Matcher-gRPC\target\scala-2.13\classes ...
[info] Non-compiled module 'compiler-bridge_2.13' for Scala 2.13.4. Compiling...
[info]   Compilation completed in 9.775s.
[warn] 1 deprecation; re-run with -deprecation for details
[warn] one warning found
[info] done compiling
[info] compiling 1 Scala source to D:\0UIC Courses\CS 441 - Cloud computing\Lambda-Matcher-gRPC\target\scala-2.13\test-classes ...
[info] done compiling
[info] Test:
[info] - should Check if the host is given *** FAILED ***
[info]   com.typesafe.config.ConfigException$Missing: merge of system properties,application.conf @ file:/D:/0UIC%20Courses/CS%20441%20-%20Cloud%20computing/Lambda-Matcher-gRPC/target/scala-2.13/classes/application.conf: 1,reference.conf @ jar:file:/C:/Users/Rajit%20Subin.DESKTOP-L7I1FKN/AppData/Local/Coursier/Cache/v1/https/repo1.maven.org/maven2/com/lightbend/akka/grpc/akka-grpc-runtime_2.13/2.1.0/akka-grpc-runtime_2.13-2.1.0.jar!/reference.conf: 1,reference.conf @ jar:file:/C:/Users/Rajit%20Subin.DESKTOP-L7I1FKN/AppData/Local/Coursier/Cache/v1/https/repo1.maven.org/maven2/com/typesafe/akka/akka-http_2.13/10.2.7/akka-http_2.13-10.2.7.jar!/reference.conf: 1,reference.conf @ jar:file:/C:/Users/Rajit%20Subin.DESKTOP-L7I1FKN/AppData/Local/Coursier/Cache/v1/https/repo1.maven.org/maven2/com/typesafe/akka/akka-actor-typed_2.13/2.6.17/akka-actor-typed_2.13-2.6.17.jar!/reference.conf: 1,reference.conf @ jar:file:/C:/Users/Rajit%20Subin.DESKTOP-L7I1FKN/AppData/Local/Coursier/Cache/v1/https/repo1.maven.org/maven2/com/typesafe/akka/akka-stream_2.13/2.6.17/akka-stream_2.13-2.6.17.jar!/reference.conf: 1,reference.conf @ jar:file:/C:/Users/Rajit%20Subin.DESKTOP-L7I1FKN/AppData/Local/Coursier/Cache/v1/https/repo1.maven.org/maven2/com/typesafe/akka/akka-discovery_2.13/2.6.17/akka-discovery_2.13-2.6.17.jar!/reference.conf: 1,reference.conf @ jar:file:/C:/Users/Rajit%20Subin.DESKTOP-L7I1FKN/AppData/Local/Coursier/Cache/v1/https/repo1.maven.org/maven2/com/typesafe/akka/akka-actor-testkit-typed_2.13/2.6.17/akka-actor-testkit-typed_2.13-2.6.17.jar!/reference.conf: 1,reference.conf @ jar:file:/C:/Users/Rajit%20Subin.DESKTOP-L7I1FKN/AppData/Local/Coursier/Cache/v1/https/repo1.maven.org/maven2/com/typesafe/akka/akka-stream-testkit_2.13/2.6.17/akka-stream-testkit_2.13-2.6.17.jar!/reference.conf: 1,reference.conf @ jar:file:/C:/Users/Rajit%20Subin.DESKTOP-L7I1FKN/AppData/Local/Coursier/Cache/v1/https/repo1.maven.org/maven2/com/typesafe/akka/akka-http-core_2.13/10.2.7/akka-http-core_2.13-10.2.7.jar!/reference.conf: 1,reference.conf @ jar:file:/C:/Users/Rajit%20Subin.DESKTOP-L7I1FKN/AppData/Local/Coursier/Cache/v1/https/repo1.maven.org/maven2/com/typesafe/akka/akka-actor_2.13/2.6.17/akka-actor_2.13-2.6.17.jar!/reference.conf: 1,reference.conf @ jar:file:/C:/Users/Rajit%20Subin.DESKTOP-L7I1FKN/AppData/Local/Coursier/Cache/v1/https/repo1.maven.org/maven2/com/typesafe/ssl-config-core_2.13/0.4.2/ssl-config-core_2.13-0.4.2.jar!/reference.conf: 1,reference.conf @ jar:file:/C:/Users/Rajit%20Subin.DESKTOP-L7I1FKN/AppData/Local/Coursier/Cache/v1/https/repo1.maven.org/maven2/com/typesafe/akka/akka-testkit_2.13/2.6.17/akka-testkit_2.13-2.6.17.jar!/reference.conf: 1: No configuration setting found for key 'host'
[info]   at com.typesafe.config.impl.SimpleConfig.findKeyOrNull(SimpleConfig.java:156)
[info]   at com.typesafe.config.impl.SimpleConfig.findOrNull(SimpleConfig.java:174)
[info]   at com.typesafe.config.impl.SimpleConfig.find(SimpleConfig.java:188)
[info]   at com.typesafe.config.impl.SimpleConfig.find(SimpleConfig.java:193)
[info]   at com.typesafe.config.impl.SimpleConfig.getString(SimpleConfig.java:250)
[info]   at test_loganalyser.Test.$anonfun$new$1(Test.scala:15)
[info]   at org.scalatest.OutcomeOf.outcomeOf(OutcomeOf.scala:85)
[info]   at org.scalatest.OutcomeOf.outcomeOf$(OutcomeOf.scala:83)
[info]   at org.scalatest.OutcomeOf$.outcomeOf(OutcomeOf.scala:104)
[info]   at org.scalatest.Transformer.apply(Transformer.scala:22)
[info]   ...
[info] - should Check if the API Gateway Link is given *** FAILED ***
[info]   com.typesafe.config.ConfigException$Missing: merge of system properties,application.conf @ file:/D:/0UIC%20Courses/CS%20441%20-%20Cloud%20computing/Lambda-Matcher-gRPC/target/scala-2.13/classes/application.conf: 1,reference.conf @ jar:file:/C:/Users/Rajit%20Subin.DESKTOP-L7I1FKN/AppData/Local/Coursier/Cache/v1/https/repo1.maven.org/maven2/com/lightbend/akka/grpc/akka-grpc-runtime_2.13/2.1.0/akka-grpc-runtime_2.13-2.1.0.jar!/reference.conf: 1,reference.conf @ jar:file:/C:/Users/Rajit%20Subin.DESKTOP-L7I1FKN/AppData/Local/Coursier/Cache/v1/https/repo1.maven.org/maven2/com/typesafe/akka/akka-http_2.13/10.2.7/akka-http_2.13-10.2.7.jar!/reference.conf: 1,reference.conf @ jar:file:/C:/Users/Rajit%20Subin.DESKTOP-L7I1FKN/AppData/Local/Coursier/Cache/v1/https/repo1.maven.org/maven2/com/typesafe/akka/akka-actor-typed_2.13/2.6.17/akka-actor-typed_2.13-2.6.17.jar!/reference.conf: 1,reference.conf @ jar:file:/C:/Users/Rajit%20Subin.DESKTOP-L7I1FKN/AppData/Local/Coursier/Cache/v1/https/repo1.maven.org/maven2/com/typesafe/akka/akka-stream_2.13/2.6.17/akka-stream_2.13-2.6.17.jar!/reference.conf: 1,reference.conf @ jar:file:/C:/Users/Rajit%20Subin.DESKTOP-L7I1FKN/AppData/Local/Coursier/Cache/v1/https/repo1.maven.org/maven2/com/typesafe/akka/akka-discovery_2.13/2.6.17/akka-discovery_2.13-2.6.17.jar!/reference.conf: 1,reference.conf @ jar:file:/C:/Users/Rajit%20Subin.DESKTOP-L7I1FKN/AppData/Local/Coursier/Cache/v1/https/repo1.maven.org/maven2/com/typesafe/akka/akka-actor-testkit-typed_2.13/2.6.17/akka-actor-testkit-typed_2.13-2.6.17.jar!/reference.conf: 1,reference.conf @ jar:file:/C:/Users/Rajit%20Subin.DESKTOP-L7I1FKN/AppData/Local/Coursier/Cache/v1/https/repo1.maven.org/maven2/com/typesafe/akka/akka-stream-testkit_2.13/2.6.17/akka-stream-testkit_2.13-2.6.17.jar!/reference.conf: 1,reference.conf @ jar:file:/C:/Users/Rajit%20Subin.DESKTOP-L7I1FKN/AppData/Local/Coursier/Cache/v1/https/repo1.maven.org/maven2/com/typesafe/akka/akka-http-core_2.13/10.2.7/akka-http-core_2.13-10.2.7.jar!/reference.conf: 1,reference.conf @ jar:file:/C:/Users/Rajit%20Subin.DESKTOP-L7I1FKN/AppData/Local/Coursier/Cache/v1/https/repo1.maven.org/maven2/com/typesafe/akka/akka-actor_2.13/2.6.17/akka-actor_2.13-2.6.17.jar!/reference.conf: 1,reference.conf @ jar:file:/C:/Users/Rajit%20Subin.DESKTOP-L7I1FKN/AppData/Local/Coursier/Cache/v1/https/repo1.maven.org/maven2/com/typesafe/ssl-config-core_2.13/0.4.2/ssl-config-core_2.13-0.4.2.jar!/reference.conf: 1,reference.conf @ jar:file:/C:/Users/Rajit%20Subin.DESKTOP-L7I1FKN/AppData/Local/Coursier/Cache/v1/https/repo1.maven.org/maven2/com/typesafe/akka/akka-testkit_2.13/2.6.17/akka-testkit_2.13-2.6.17.jar!/reference.conf: 1: No configuration setting found for key 'AWS_APIGateway_Endpoint'
[info]   at com.typesafe.config.impl.SimpleConfig.findKeyOrNull(SimpleConfig.java:156)
[info]   at com.typesafe.config.impl.SimpleConfig.findOrNull(SimpleConfig.java:174)
[info]   at com.typesafe.config.impl.SimpleConfig.find(SimpleConfig.java:188)
[info]   at com.typesafe.config.impl.SimpleConfig.find(SimpleConfig.java:193)
[info]   at com.typesafe.config.impl.SimpleConfig.getString(SimpleConfig.java:250)
[info]   at test_loganalyser.Test.$anonfun$new$2(Test.scala:21)
[info]   at org.scalatest.OutcomeOf.outcomeOf(OutcomeOf.scala:85)
[info]   at org.scalatest.OutcomeOf.outcomeOf$(OutcomeOf.scala:83)
[info]   at org.scalatest.OutcomeOf$.outcomeOf(OutcomeOf.scala:104)
[info]   at org.scalatest.Transformer.apply(Transformer.scala:22)
[info]   ...
[info] - should Check if correct input format of time stamp is being sent *** FAILED ***
[info]   com.typesafe.config.ConfigException$Missing: merge of system properties,application.conf @ file:/D:/0UIC%20Courses/CS%20441%20-%20Cloud%20computing/Lambda-Matcher-gRPC/target/scala-2.13/classes/application.conf: 1,reference.conf @ jar:file:/C:/Users/Rajit%20Subin.DESKTOP-L7I1FKN/AppData/Local/Coursier/Cache/v1/https/repo1.maven.org/maven2/com/lightbend/akka/grpc/akka-grpc-runtime_2.13/2.1.0/akka-grpc-runtime_2.13-2.1.0.jar!/reference.conf: 1,reference.conf @ jar:file:/C:/Users/Rajit%20Subin.DESKTOP-L7I1FKN/AppData/Local/Coursier/Cache/v1/https/repo1.maven.org/maven2/com/typesafe/akka/akka-http_2.13/10.2.7/akka-http_2.13-10.2.7.jar!/reference.conf: 1,reference.conf @ jar:file:/C:/Users/Rajit%20Subin.DESKTOP-L7I1FKN/AppData/Local/Coursier/Cache/v1/https/repo1.maven.org/maven2/com/typesafe/akka/akka-actor-typed_2.13/2.6.17/akka-actor-typed_2.13-2.6.17.jar!/reference.conf: 1,reference.conf @ jar:file:/C:/Users/Rajit%20Subin.DESKTOP-L7I1FKN/AppData/Local/Coursier/Cache/v1/https/repo1.maven.org/maven2/com/typesafe/akka/akka-stream_2.13/2.6.17/akka-stream_2.13-2.6.17.jar!/reference.conf: 1,reference.conf @ jar:file:/C:/Users/Rajit%20Subin.DESKTOP-L7I1FKN/AppData/Local/Coursier/Cache/v1/https/repo1.maven.org/maven2/com/typesafe/akka/akka-discovery_2.13/2.6.17/akka-discovery_2.13-2.6.17.jar!/reference.conf: 1,reference.conf @ jar:file:/C:/Users/Rajit%20Subin.DESKTOP-L7I1FKN/AppData/Local/Coursier/Cache/v1/https/repo1.maven.org/maven2/com/typesafe/akka/akka-actor-testkit-typed_2.13/2.6.17/akka-actor-testkit-typed_2.13-2.6.17.jar!/reference.conf: 1,reference.conf @ jar:file:/C:/Users/Rajit%20Subin.DESKTOP-L7I1FKN/AppData/Local/Coursier/Cache/v1/https/repo1.maven.org/maven2/com/typesafe/akka/akka-stream-testkit_2.13/2.6.17/akka-stream-testkit_2.13-2.6.17.jar!/reference.conf: 1,reference.conf @ jar:file:/C:/Users/Rajit%20Subin.DESKTOP-L7I1FKN/AppData/Local/Coursier/Cache/v1/https/repo1.maven.org/maven2/com/typesafe/akka/akka-http-core_2.13/10.2.7/akka-http-core_2.13-10.2.7.jar!/reference.conf: 1,reference.conf @ jar:file:/C:/Users/Rajit%20Subin.DESKTOP-L7I1FKN/AppData/Local/Coursier/Cache/v1/https/repo1.maven.org/maven2/com/typesafe/akka/akka-actor_2.13/2.6.17/akka-actor_2.13-2.6.17.jar!/reference.conf: 1,reference.conf @ jar:file:/C:/Users/Rajit%20Subin.DESKTOP-L7I1FKN/AppData/Local/Coursier/Cache/v1/https/repo1.maven.org/maven2/com/typesafe/ssl-config-core_2.13/0.4.2/ssl-config-core_2.13-0.4.2.jar!/reference.conf: 1,reference.conf @ jar:file:/C:/Users/Rajit%20Subin.DESKTOP-L7I1FKN/AppData/Local/Coursier/Cache/v1/https/repo1.maven.org/maven2/com/typesafe/akka/akka-testkit_2.13/2.6.17/akka-testkit_2.13-2.6.17.jar!/reference.conf: 1: No configuration setting found for key 'timestamp'
[info]   at com.typesafe.config.impl.SimpleConfig.findKeyOrNull(SimpleConfig.java:156)
[info]   at com.typesafe.config.impl.SimpleConfig.findOrNull(SimpleConfig.java:174)
[info]   at com.typesafe.config.impl.SimpleConfig.find(SimpleConfig.java:188)
[info]   at com.typesafe.config.impl.SimpleConfig.find(SimpleConfig.java:193)
[info]   at com.typesafe.config.impl.SimpleConfig.getString(SimpleConfig.java:250)
[info]   at test_loganalyser.Test.$anonfun$new$3(Test.scala:28)
[info]   at org.scalatest.OutcomeOf.outcomeOf(OutcomeOf.scala:85)
[info]   at org.scalatest.OutcomeOf.outcomeOf$(OutcomeOf.scala:83)
[info]   at org.scalatest.OutcomeOf$.outcomeOf(OutcomeOf.scala:104)
[info]   at org.scalatest.Transformer.apply(Transformer.scala:22)
[info]   ...
[info] - should Check if last two characters of delta are numbers *** FAILED ***
[info]   com.typesafe.config.ConfigException$Missing: merge of system properties,application.conf @ file:/D:/0UIC%20Courses/CS%20441%20-%20Cloud%20computing/Lambda-Matcher-gRPC/target/scala-2.13/classes/application.conf: 1,reference.conf @ jar:file:/C:/Users/Rajit%20Subin.DESKTOP-L7I1FKN/AppData/Local/Coursier/Cache/v1/https/repo1.maven.org/maven2/com/lightbend/akka/grpc/akka-grpc-runtime_2.13/2.1.0/akka-grpc-runtime_2.13-2.1.0.jar!/reference.conf: 1,reference.conf @ jar:file:/C:/Users/Rajit%20Subin.DESKTOP-L7I1FKN/AppData/Local/Coursier/Cache/v1/https/repo1.maven.org/maven2/com/typesafe/akka/akka-http_2.13/10.2.7/akka-http_2.13-10.2.7.jar!/reference.conf: 1,reference.conf @ jar:file:/C:/Users/Rajit%20Subin.DESKTOP-L7I1FKN/AppData/Local/Coursier/Cache/v1/https/repo1.maven.org/maven2/com/typesafe/akka/akka-actor-typed_2.13/2.6.17/akka-actor-typed_2.13-2.6.17.jar!/reference.conf: 1,reference.conf @ jar:file:/C:/Users/Rajit%20Subin.DESKTOP-L7I1FKN/AppData/Local/Coursier/Cache/v1/https/repo1.maven.org/maven2/com/typesafe/akka/akka-stream_2.13/2.6.17/akka-stream_2.13-2.6.17.jar!/reference.conf: 1,reference.conf @ jar:file:/C:/Users/Rajit%20Subin.DESKTOP-L7I1FKN/AppData/Local/Coursier/Cache/v1/https/repo1.maven.org/maven2/com/typesafe/akka/akka-discovery_2.13/2.6.17/akka-discovery_2.13-2.6.17.jar!/reference.conf: 1,reference.conf @ jar:file:/C:/Users/Rajit%20Subin.DESKTOP-L7I1FKN/AppData/Local/Coursier/Cache/v1/https/repo1.maven.org/maven2/com/typesafe/akka/akka-actor-testkit-typed_2.13/2.6.17/akka-actor-testkit-typed_2.13-2.6.17.jar!/reference.conf: 1,reference.conf @ jar:file:/C:/Users/Rajit%20Subin.DESKTOP-L7I1FKN/AppData/Local/Coursier/Cache/v1/https/repo1.maven.org/maven2/com/typesafe/akka/akka-stream-testkit_2.13/2.6.17/akka-stream-testkit_2.13-2.6.17.jar!/reference.conf: 1,reference.conf @ jar:file:/C:/Users/Rajit%20Subin.DESKTOP-L7I1FKN/AppData/Local/Coursier/Cache/v1/https/repo1.maven.org/maven2/com/typesafe/akka/akka-http-core_2.13/10.2.7/akka-http-core_2.13-10.2.7.jar!/reference.conf: 1,reference.conf @ jar:file:/C:/Users/Rajit%20Subin.DESKTOP-L7I1FKN/AppData/Local/Coursier/Cache/v1/https/repo1.maven.org/maven2/com/typesafe/akka/akka-actor_2.13/2.6.17/akka-actor_2.13-2.6.17.jar!/reference.conf: 1,reference.conf @ jar:file:/C:/Users/Rajit%20Subin.DESKTOP-L7I1FKN/AppData/Local/Coursier/Cache/v1/https/repo1.maven.org/maven2/com/typesafe/ssl-config-core_2.13/0.4.2/ssl-config-core_2.13-0.4.2.jar!/reference.conf: 1,reference.conf @ jar:file:/C:/Users/Rajit%20Subin.DESKTOP-L7I1FKN/AppData/Local/Coursier/Cache/v1/https/repo1.maven.org/maven2/com/typesafe/akka/akka-testkit_2.13/2.6.17/akka-testkit_2.13-2.6.17.jar!/reference.conf: 1: No configuration setting found for key 'delta'
[info]   at com.typesafe.config.impl.SimpleConfig.findKeyOrNull(SimpleConfig.java:156)
[info]   at com.typesafe.config.impl.SimpleConfig.findOrNull(SimpleConfig.java:174)
[info]   at com.typesafe.config.impl.SimpleConfig.find(SimpleConfig.java:188)
[info]   at com.typesafe.config.impl.SimpleConfig.find(SimpleConfig.java:193)
[info]   at com.typesafe.config.impl.SimpleConfig.getString(SimpleConfig.java:250)
[info]   at test_loganalyser.Test.$anonfun$new$4(Test.scala:36)
[info]   at org.scalatest.OutcomeOf.outcomeOf(OutcomeOf.scala:85)
[info]   at org.scalatest.OutcomeOf.outcomeOf$(OutcomeOf.scala:83)
[info]   at org.scalatest.OutcomeOf$.outcomeOf(OutcomeOf.scala:104)
[info]   at org.scalatest.Transformer.apply(Transformer.scala:22)
[info]   ...
[info] - should Check if port has value assigned *** FAILED ***
[info]   com.typesafe.config.ConfigException$Missing: merge of system properties,application.conf @ file:/D:/0UIC%20Courses/CS%20441%20-%20Cloud%20computing/Lambda-Matcher-gRPC/target/scala-2.13/classes/application.conf: 1,reference.conf @ jar:file:/C:/Users/Rajit%20Subin.DESKTOP-L7I1FKN/AppData/Local/Coursier/Cache/v1/https/repo1.maven.org/maven2/com/lightbend/akka/grpc/akka-grpc-runtime_2.13/2.1.0/akka-grpc-runtime_2.13-2.1.0.jar!/reference.conf: 1,reference.conf @ jar:file:/C:/Users/Rajit%20Subin.DESKTOP-L7I1FKN/AppData/Local/Coursier/Cache/v1/https/repo1.maven.org/maven2/com/typesafe/akka/akka-http_2.13/10.2.7/akka-http_2.13-10.2.7.jar!/reference.conf: 1,reference.conf @ jar:file:/C:/Users/Rajit%20Subin.DESKTOP-L7I1FKN/AppData/Local/Coursier/Cache/v1/https/repo1.maven.org/maven2/com/typesafe/akka/akka-actor-typed_2.13/2.6.17/akka-actor-typed_2.13-2.6.17.jar!/reference.conf: 1,reference.conf @ jar:file:/C:/Users/Rajit%20Subin.DESKTOP-L7I1FKN/AppData/Local/Coursier/Cache/v1/https/repo1.maven.org/maven2/com/typesafe/akka/akka-stream_2.13/2.6.17/akka-stream_2.13-2.6.17.jar!/reference.conf: 1,reference.conf @ jar:file:/C:/Users/Rajit%20Subin.DESKTOP-L7I1FKN/AppData/Local/Coursier/Cache/v1/https/repo1.maven.org/maven2/com/typesafe/akka/akka-discovery_2.13/2.6.17/akka-discovery_2.13-2.6.17.jar!/reference.conf: 1,reference.conf @ jar:file:/C:/Users/Rajit%20Subin.DESKTOP-L7I1FKN/AppData/Local/Coursier/Cache/v1/https/repo1.maven.org/maven2/com/typesafe/akka/akka-actor-testkit-typed_2.13/2.6.17/akka-actor-testkit-typed_2.13-2.6.17.jar!/reference.conf: 1,reference.conf @ jar:file:/C:/Users/Rajit%20Subin.DESKTOP-L7I1FKN/AppData/Local/Coursier/Cache/v1/https/repo1.maven.org/maven2/com/typesafe/akka/akka-stream-testkit_2.13/2.6.17/akka-stream-testkit_2.13-2.6.17.jar!/reference.conf: 1,reference.conf @ jar:file:/C:/Users/Rajit%20Subin.DESKTOP-L7I1FKN/AppData/Local/Coursier/Cache/v1/https/repo1.maven.org/maven2/com/typesafe/akka/akka-http-core_2.13/10.2.7/akka-http-core_2.13-10.2.7.jar!/reference.conf: 1,reference.conf @ jar:file:/C:/Users/Rajit%20Subin.DESKTOP-L7I1FKN/AppData/Local/Coursier/Cache/v1/https/repo1.maven.org/maven2/com/typesafe/akka/akka-actor_2.13/2.6.17/akka-actor_2.13-2.6.17.jar!/reference.conf: 1,reference.conf @ jar:file:/C:/Users/Rajit%20Subin.DESKTOP-L7I1FKN/AppData/Local/Coursier/Cache/v1/https/repo1.maven.org/maven2/com/typesafe/ssl-config-core_2.13/0.4.2/ssl-config-core_2.13-0.4.2.jar!/reference.conf: 1,reference.conf @ jar:file:/C:/Users/Rajit%20Subin.DESKTOP-L7I1FKN/AppData/Local/Coursier/Cache/v1/https/repo1.maven.org/maven2/com/typesafe/akka/akka-testkit_2.13/2.6.17/akka-testkit_2.13-2.6.17.jar!/reference.conf: 1: No configuration setting found for key 'port'
[info]   at com.typesafe.config.impl.SimpleConfig.findKeyOrNull(SimpleConfig.java:156)
[info]   at com.typesafe.config.impl.SimpleConfig.findOrNull(SimpleConfig.java:174)
[info]   at com.typesafe.config.impl.SimpleConfig.find(SimpleConfig.java:188)
[info]   at com.typesafe.config.impl.SimpleConfig.find(SimpleConfig.java:193)
[info]   at com.typesafe.config.impl.SimpleConfig.getConfigNumber(SimpleConfig.java:223)
[info]   at com.typesafe.config.impl.SimpleConfig.getInt(SimpleConfig.java:234)
[info]   at test_loganalyser.Test.$anonfun$new$5(Test.scala:43)
[info]   at org.scalatest.OutcomeOf.outcomeOf(OutcomeOf.scala:85)
[info]   at org.scalatest.OutcomeOf.outcomeOf$(OutcomeOf.scala:83)
[info]   at org.scalatest.OutcomeOf$.outcomeOf(OutcomeOf.scala:104)
[info]   ...
[info] Run completed in 836 milliseconds.
[info] Total number of tests run: 5
[info] Suites: completed 1, aborted 0
[info] Tests: succeeded 0, failed 5, canceled 0, ignored 0, pending 0
[info] *** 5 TESTS FAILED ***
[error] Failed tests:
[error] 	test_loganalyser.Test
[error] (Test / test) sbt.TestsFailedException: Tests unsuccessful
[error] Total time: 17 s, completed 05-Nov-2021, 10:13:08 pm
[debug] > Exec(idea-shell, None, None)
